#
# A fatal error has been detected by the Java Runtime Environment:
#
#  EXCEPTION_ACCESS_VIOLATION (0xc0000005) at pc=0x00007ffece81d858, pid=11908, tid=23832
#
# JRE version: Java(TM) SE Runtime Environment (22.0.2+9) (build 22.0.2+9-70)
# Java VM: Java HotSpot(TM) 64-Bit Server VM (22.0.2+9-70, mixed mode, sharing, tiered, compressed oops, compressed class ptrs, g1 gc, windows-amd64)
# Problematic frame:
# V  [jvm.dll+0x26d858]
#
# No core dump will be written. Minidumps are not enabled by default on client versions of Windows
#
# If you would like to submit a bug report, please visit:
#   https://bugreport.java.com/bugreport/crash.jsp
#

---------------  S U M M A R Y ------------

Command Line: -XX:+ShowCodeDetailsInExceptionMessages -agentlib:jdwp=transport=dt_socket,suspend=y,address=localhost:54478 -javaagent:C:\Users\sbnet\Downloads\Eclipse\eclipse-jee-2023-06-R-win32-x86_64\eclipse\configuration\org.eclipse.osgi\2045\0\.cp\lib\javaagent-shaded.jar -Dfile.encoding=UTF-8 -Dstdout.encoding=UTF-8 -Dstderr.encoding=UTF-8 ru.terentyev.EffectiveMobileTestTask.EffectiveMobileTestTaskApplication

Host: 12th Gen Intel(R) Core(TM) i7-12700H, 20 cores, 7G,  Windows 11 , 64 bit Build 22621 (10.0.22621.3672)
Time: Tue Aug  6 14:50:30 2024 RTZ 2 (s 11 , 64 bit Build 22621 (10.0.22621.3672) elapsed time: 1060.720633 seconds (0d 0h 17m 40s)

---------------  T H R E A D  ---------------

Current thread (0x000001aafa8398b0):  VMThread "VM Thread"          [id=23832, stack(0x00000057f2900000,0x00000057f2a00000) (1024K)]

Stack: [0x00000057f2900000,0x00000057f2a00000],  sp=0x00000057f29ff0a8,  free space=1020k
Native frames: (J=compiled Java code, j=interpreted, Vv=VM code, C=native code)
V  [jvm.dll+0x26d858]  (no source info available)


siginfo: EXCEPTION_ACCESS_VIOLATION (0xc0000005), reading address 0x000001aacf62f0c0


Registers:
RAX=0x000000000000c79d, RBX=0x000001aa80441780, RCX=0x000001aacf5cb390, RDX=0x00000000000000a6
RSP=0x00000057f29ff0a8, RBP=0x00000000000000bb, RSI=0x00000057f29ff190, RDI=0x00000000000000a6
R8 =0x00000057f29ff190, R9 =0x00000057f29ff160, R10=0x000001aafa8342e0, R11=0x000001aac21130c0
R12=0x000001aacf5cbcf8, R13=0x000001aacf5cb390, R14=0x00000057f29ff160, R15=0x00000000000000bb
RIP=0x00007ffece81d858, EFLAGS=0x0000000000010206


Register to memory mapping:

RAX=0x000000000000c79d is an unknown value
RBX=0x000001aa80441780 is pointing into metadata
RCX=0x000001aacf5cb390 is pointing into metadata
RDX=0x00000000000000a6 is an unknown value
RSP=0x00000057f29ff0a8 points into unknown readable memory: 0x00007ffecec463a2 | a2 63 c4 ce fe 7f 00 00
RBP=0x00000000000000bb is an unknown value
RSI=0x00000057f29ff190 points into unknown readable memory: 0x000001aacf5cac78 | 78 ac 5c cf aa 01 00 00
RDI=0x00000000000000a6 is an unknown value
R8 =0x00000057f29ff190 points into unknown readable memory: 0x000001aacf5cac78 | 78 ac 5c cf aa 01 00 00
R9 =0x00000057f29ff160 points into unknown readable memory: 0x000001aac21130c0 | c0 30 11 c2 aa 01 00 00
R10=0x000001aafa8342e0 points into unknown readable memory: 0x0000001e00000002 | 02 00 00 00 1e 00 00 00
R11={method} {0x000001aac21130c8} 'showTasks' '(Ljava/lang/Integer;Ljava/lang/Integer;Ljava/lang/String;)Lorg/springframework/http/ResponseEntity;' in 'ru/terentyev/EffectiveMobileTestTask/controllers/TaskController'
R12=0x000001aacf5cbcf8 is pointing into metadata
R13=0x000001aacf5cb390 is pointing into metadata
R14=0x00000057f29ff160 points into unknown readable memory: 0x000001aac21130c0 | c0 30 11 c2 aa 01 00 00
R15=0x00000000000000bb is an unknown value

Top of Stack: (sp=0x00000057f29ff0a8)
0x00000057f29ff0a8:   00007ffecec463a2 00000000000000a6
0x00000057f29ff0b8:   00007ffece953f20 000001aac5914230
0x00000057f29ff0c8:   00000057f29ff160 0000000000000000
0x00000057f29ff0d8:   0000000000000000 00000057f29ff160
0x00000057f29ff0e8:   00007ffece6f812e 000001aac21130c0
0x00000057f29ff0f8:   0000000000000002 00000000000000bb
0x00000057f29ff108:   000001aac483ee00 00000000000000bb
0x00000057f29ff118:   00007ffecec46f05 00000000000000bb
0x00000057f29ff128:   00000057f29ff199 00000000000000bb
0x00000057f29ff138:   0000000000000010 000001aacf5cbcf8
0x00000057f29ff148:   000001aacf5cb390 000001aac21130c0
0x00000057f29ff158:   000001aafa8398b0 000001aac21130c0
0x00000057f29ff168:   000001aafa8398b0 0000000300000000
0x00000057f29ff178:   000000bb0000000a 0000000000000000
0x00000057f29ff188:   000001aa000000bb 000001aacf5cac78
0x00000057f29ff198:   000001aafa8398b0 0000000300000000
0x00000057f29ff1a8:   000000bb0000000a 000001aac7810000
0x00000057f29ff1b8:   00000057000000bb 000001aafa6de0f8
0x00000057f29ff1c8:   0000000000000000 0000000000000002
0x00000057f29ff1d8:   0000000000000010 000001aacf5cac78
0x00000057f29ff1e8:   0000000000000002 00000057f37ff250
0x00000057f29ff1f8:   00007ffeceb60fe2 000001aac21130c0
0x00000057f29ff208:   000001aacf5cbcf8 000001aacf5cb390
0x00000057f29ff218:   000001aacf5caca8 0000000000000000
0x00000057f29ff228:   000001aafa8320b8 0000000000000000
0x00000057f29ff238:   000001aae63edc30 0000000000000000
0x00000057f29ff248:   000001aa81b43d90 000001aafa8398b0
0x00000057f29ff258:   00000057f37ff250 0000000000000000
0x00000057f29ff268:   0000000000000030 00000057f29ff349
0x00000057f29ff278:   0000000000000006 000001aa812937e8
0x00000057f29ff288:   00007ffeceb64e83 00000057f37ff250
0x00000057f29ff298:   0000000000000000 0000000000000002 

Instructions: (pc=0x00007ffece81d858)
0x00007ffece81d758:   00 0f 85 a5 00 00 00 49 8b 06 41 0f b7 d4 48 8b
0x00007ffece81d768:   48 28 48 8b 5c d1 08 48 8d 4c 24 30 e8 c7 67 13
0x00007ffece81d778:   00 48 8b c3 48 8b 9c 24 b8 00 00 00 48 83 c4 70
0x00007ffece81d788:   41 5f 41 5e 41 5d 41 5c 5e c3 48 8b 05 6f b3 9c
0x00007ffece81d798:   00 48 85 c0 74 0b 48 8b d3 49 8b ce e8 37 26 00
0x00007ffece81d7a8:   00 41 0f b7 c4 41 b8 07 00 00 00 48 8d 14 c5 00
0x00007ffece81d7b8:   00 00 00 49 8b 06 48 8b 48 28 48 89 5c 11 08 49
0x00007ffece81d7c8:   8b 06 48 8b 48 08 b0 64 f0 46 0f b0 44 39 04 3c
0x00007ffece81d7d8:   67 75 94 49 8b 06 4c 8b c6 48 8b 48 28 48 c7 44
0x00007ffece81d7e8:   11 08 00 00 00 00 41 8b d7 49 8b ce e8 87 23 00
0x00007ffece81d7f8:   00 48 83 7e 08 00 0f 84 6b ff ff ff 48 8d 4c 24
0x00007ffece81d808:   30 e8 32 67 13 00 33 c0 e9 67 ff ff ff ba 19 02
0x00007ffece81d818:   00 00 48 8d 0d 6f 0e 77 00 e8 4a 23 01 00 cc cc
0x00007ffece81d828:   cc cc cc cc cc cc cc cc 48 8b 41 28 4c 63 ca 42
0x00007ffece81d838:   0f b7 54 c9 48 4c 89 44 d0 08 48 8b 41 08 42 c6
0x00007ffece81d848:   44 08 04 07 c3 cc cc cc 48 63 c2 0f b7 44 c1 4a
0x00007ffece81d858:   48 8b 44 c1 48 c3 cc cc 49 63 c0 44 0f b7 44 c1
0x00007ffece81d868:   4a 48 8b 42 18 4a 39 44 c1 48 0f 94 c0 c3 cc cc
0x00007ffece81d878:   cc cc cc cc cc cc cc cc 48 89 5c 24 10 57 48 83
0x00007ffece81d888:   ec 40 49 8b f9 48 8b d9 85 d2 78 66 48 89 74 24
0x00007ffece81d898:   50 e8 52 24 00 00 48 63 c8 48 89 5c 24 28 48 89
0x00007ffece81d8a8:   7c 24 30 0f b7 74 cb 48 48 85 db 74 16 48 8b 8f
0x00007ffece81d8b8:   30 03 00 00 48 8d 54 24 20 48 89 5c 24 20 e8 75
0x00007ffece81d8c8:   da d9 ff 8b d6 48 8d 4c 24 28 4c 8b c7 e8 46 fc
0x00007ffece81d8d8:   ff ff 48 8d 4c 24 28 48 8b d8 e8 c9 66 13 00 48
0x00007ffece81d8e8:   8b 74 24 50 48 8b c3 48 8b 5c 24 58 48 83 c4 40
0x00007ffece81d8f8:   5f c3 4c 8d 0d ef 0d 77 00 ba e7 02 00 00 4c 8d
0x00007ffece81d908:   05 1b 0e 77 00 48 8d 0d 7c 0d 77 00 e8 97 22 01
0x00007ffece81d918:   00 cc cc cc cc cc cc cc 40 53 48 83 ec 20 48 8b
0x00007ffece81d928:   d9 85 d2 78 1d e8 be 23 00 00 48 63 c8 0f b7 44
0x00007ffece81d938:   cb 48 0f b7 44 c3 4a 48 8b 44 c3 48 48 83 c4 20
0x00007ffece81d948:   5b c3 4c 8d 0d 9f 0d 77 00 ba e7 02 00 00 4c 8d 


Stack slot to memory mapping:

stack at sp + 0 slots: 0x00007ffecec463a2 jvm.dll
stack at sp + 1 slots: 0x00000000000000a6 is an unknown value
stack at sp + 2 slots: 0x00007ffece953f20 jvm.dll
stack at sp + 3 slots: 0x000001aac5914230 points into unknown readable memory: 0x000001aadaf49240 | 40 92 f4 da aa 01 00 00
stack at sp + 4 slots: 0x00000057f29ff160 points into unknown readable memory: 0x000001aac21130c0 | c0 30 11 c2 aa 01 00 00
stack at sp + 5 slots: 0x0 is null
stack at sp + 6 slots: 0x0 is null
stack at sp + 7 slots: 0x00000057f29ff160 points into unknown readable memory: 0x000001aac21130c0 | c0 30 11 c2 aa 01 00 00

VM_Operation (0x00000057f37ff250): RedefineClasses, mode: safepoint, requested by thread 0x000001aac5380f10, redefining class ru.terentyev.EffectiveMobileTestTask.controllers.TaskController



---------------  P R O C E S S  ---------------

Threads class SMR info:
_java_thread_list=0x000001aac6bfb100, length=31, elements={
0x000001aafa854f60, 0x000001aafa855b20, 0x000001aafa85ff30, 0x000001aafa860fa0,
0x000001aafa86a590, 0x000001aafa870590, 0x000001aafa877c90, 0x000001aafa878b50,
0x000001aafa871940, 0x000001aac5380f10, 0x000001aac5396fb0, 0x000001aac536d450,
0x000001aafa8712b0, 0x000001aafa871fd0, 0x000001aafa873380, 0x000001aafa872cf0,
0x000001aafa872660, 0x000001aafa873a10, 0x000001aacad82430, 0x000001aacad88010,
0x000001aacad83e70, 0x000001aacad81080, 0x000001aacad86c60, 0x000001aacad886a0,
0x000001aacad81710, 0x000001aacad84500, 0x000001aacad85f40, 0x000001aacad84b90,
0x000001aacad858b0, 0x000001aacad85220, 0x000001aacad83150
}

Java Threads: ( => current thread )
  0x000001aafa854f60 JavaThread "Reference Handler"          daemon [_thread_blocked, id=16116, stack(0x00000057f2a00000,0x00000057f2b00000) (1024K)]
  0x000001aafa855b20 JavaThread "Finalizer"                  daemon [_thread_blocked, id=4196, stack(0x00000057f2b00000,0x00000057f2c00000) (1024K)]
  0x000001aafa85ff30 JavaThread "Signal Dispatcher"          daemon [_thread_blocked, id=18076, stack(0x00000057f2c00000,0x00000057f2d00000) (1024K)]
  0x000001aafa860fa0 JavaThread "Attach Listener"            daemon [_thread_blocked, id=24384, stack(0x00000057f2d00000,0x00000057f2e00000) (1024K)]
  0x000001aafa86a590 JavaThread "Service Thread"             daemon [_thread_blocked, id=23880, stack(0x00000057f2e00000,0x00000057f2f00000) (1024K)]
  0x000001aafa870590 JavaThread "Monitor Deflation Thread"   daemon [_thread_blocked, id=16476, stack(0x00000057f2f00000,0x00000057f3000000) (1024K)]
  0x000001aafa877c90 JavaThread "C2 CompilerThread0"         daemon [_thread_blocked, id=21064, stack(0x00000057f3000000,0x00000057f3100000) (1024K)]
  0x000001aafa878b50 JavaThread "C1 CompilerThread0"         daemon [_thread_blocked, id=34748, stack(0x00000057f3100000,0x00000057f3200000) (1024K)]
  0x000001aafa871940 JavaThread "Common-Cleaner"             daemon [_thread_blocked, id=27416, stack(0x00000057f3200000,0x00000057f3300000) (1024K)]
  0x000001aac5380f10 JavaThread "JDWP Transport Listener: dt_socket" daemon [_thread_blocked, id=5232, stack(0x00000057f3700000,0x00000057f3800000) (1024K)]
  0x000001aac5396fb0 JavaThread "JDWP Event Helper Thread"   daemon [_thread_blocked, id=36328, stack(0x00000057f3800000,0x00000057f3900000) (1024K)]
  0x000001aac536d450 JavaThread "JDWP Command Reader"        daemon [_thread_in_native, id=14268, stack(0x00000057f3900000,0x00000057f3a00000) (1024K)]
  0x000001aafa8712b0 JavaThread "Notification Thread"        daemon [_thread_blocked, id=37532, stack(0x00000057f3a00000,0x00000057f3b00000) (1024K)]
  0x000001aafa871fd0 JavaThread "Catalina-utility-1"                [_thread_blocked, id=8944, stack(0x00000057f4400000,0x00000057f4500000) (1024K)]
  0x000001aafa873380 JavaThread "Catalina-utility-2"                [_thread_blocked, id=35664, stack(0x00000057f4a00000,0x00000057f4b00000) (1024K)]
  0x000001aafa872cf0 JavaThread "container-0"                       [_thread_blocked, id=24464, stack(0x00000057f4e00000,0x00000057f4f00000) (1024K)]
  0x000001aafa872660 JavaThread "PostgreSQL-JDBC-Cleaner"    daemon [_thread_blocked, id=9888, stack(0x00000057f5000000,0x00000057f5100000) (1024K)]
  0x000001aafa873a10 JavaThread "HikariPool-1 housekeeper"   daemon [_thread_blocked, id=33264, stack(0x00000057f5100000,0x00000057f5200000) (1024K)]
  0x000001aacad82430 JavaThread "http-nio-8080-exec-1"       daemon [_thread_blocked, id=11772, stack(0x00000057f5300000,0x00000057f5400000) (1024K)]
  0x000001aacad88010 JavaThread "http-nio-8080-exec-2"       daemon [_thread_blocked, id=35788, stack(0x00000057f5400000,0x00000057f5500000) (1024K)]
  0x000001aacad83e70 JavaThread "http-nio-8080-exec-3"       daemon [_thread_blocked, id=35204, stack(0x00000057f5500000,0x00000057f5600000) (1024K)]
  0x000001aacad81080 JavaThread "http-nio-8080-exec-4"       daemon [_thread_blocked, id=13204, stack(0x00000057f5600000,0x00000057f5700000) (1024K)]
  0x000001aacad86c60 JavaThread "http-nio-8080-exec-5"       daemon [_thread_blocked, id=14924, stack(0x00000057f5700000,0x00000057f5800000) (1024K)]
  0x000001aacad886a0 JavaThread "http-nio-8080-exec-6"       daemon [_thread_blocked, id=24268, stack(0x00000057f5800000,0x00000057f5900000) (1024K)]
  0x000001aacad81710 JavaThread "http-nio-8080-exec-7"       daemon [_thread_blocked, id=37712, stack(0x00000057f5900000,0x00000057f5a00000) (1024K)]
  0x000001aacad84500 JavaThread "http-nio-8080-exec-8"       daemon [_thread_blocked, id=26872, stack(0x00000057f5a00000,0x00000057f5b00000) (1024K)]
  0x000001aacad85f40 JavaThread "http-nio-8080-exec-9"       daemon [_thread_blocked, id=27000, stack(0x00000057f5b00000,0x00000057f5c00000) (1024K)]
  0x000001aacad84b90 JavaThread "http-nio-8080-exec-10"      daemon [_thread_blocked, id=35792, stack(0x00000057f5c00000,0x00000057f5d00000) (1024K)]
  0x000001aacad858b0 JavaThread "http-nio-8080-Poller"       daemon [_thread_in_native, id=2548, stack(0x00000057f5d00000,0x00000057f5e00000) (1024K)]
  0x000001aacad85220 JavaThread "http-nio-8080-Acceptor"     daemon [_thread_in_native, id=36832, stack(0x00000057f5e00000,0x00000057f5f00000) (1024K)]
  0x000001aacad83150 JavaThread "DestroyJavaVM"                     [_thread_blocked, id=9628, stack(0x00000057f2200000,0x00000057f2300000) (1024K)]
Total: 31

Other Threads:
=>0x000001aafa8398b0 VMThread "VM Thread"                           [id=23832, stack(0x00000057f2900000,0x00000057f2a00000) (1024K)]
  0x000001aafa822cd0 WatcherThread "VM Periodic Task Thread"        [id=29608, stack(0x00000057f2800000,0x00000057f2900000) (1024K)]
  0x000001aadd278ce0 WorkerThread "GC Thread#0"                     [id=22168, stack(0x00000057f2300000,0x00000057f2400000) (1024K)]
  0x000001aac64989a0 WorkerThread "GC Thread#1"                     [id=1836, stack(0x00000057f3b00000,0x00000057f3c00000) (1024K)]
  0x000001aac61d80b0 WorkerThread "GC Thread#2"                     [id=22072, stack(0x00000057f3c00000,0x00000057f3d00000) (1024K)]
  0x000001aac61d8460 WorkerThread "GC Thread#3"                     [id=24272, stack(0x00000057f3d00000,0x00000057f3e00000) (1024K)]
  0x000001aac61d9020 WorkerThread "GC Thread#4"                     [id=32660, stack(0x00000057f3e00000,0x00000057f3f00000) (1024K)]
  0x000001aac61d97e0 WorkerThread "GC Thread#5"                     [id=12720, stack(0x00000057f3f00000,0x00000057f4000000) (1024K)]
  0x000001aac61d9f90 WorkerThread "GC Thread#6"                     [id=24896, stack(0x00000057f4000000,0x00000057f4100000) (1024K)]
  0x000001aac61e2b70 WorkerThread "GC Thread#7"                     [id=36492, stack(0x00000057f4100000,0x00000057f4200000) (1024K)]
  0x000001aac6899770 WorkerThread "GC Thread#8"                     [id=11568, stack(0x00000057f4200000,0x00000057f4300000) (1024K)]
  0x000001aac68993c0 WorkerThread "GC Thread#9"                     [id=19580, stack(0x00000057f4300000,0x00000057f4400000) (1024K)]
  0x000001aac68988b0 WorkerThread "GC Thread#10"                    [id=9540, stack(0x00000057f4500000,0x00000057f4600000) (1024K)]
  0x000001aac6899b20 WorkerThread "GC Thread#11"                    [id=29996, stack(0x00000057f4600000,0x00000057f4700000) (1024K)]
  0x000001aac6899010 WorkerThread "GC Thread#12"                    [id=27424, stack(0x00000057f4700000,0x00000057f4800000) (1024K)]
  0x000001aac6898500 WorkerThread "GC Thread#13"                    [id=16168, stack(0x00000057f4800000,0x00000057f4900000) (1024K)]
  0x000001aac6898c60 WorkerThread "GC Thread#14"                    [id=4556, stack(0x00000057f4900000,0x00000057f4a00000) (1024K)]
  0x000001aadd2892a0 ConcurrentGCThread "G1 Main Marker"            [id=37156, stack(0x00000057f2400000,0x00000057f2500000) (1024K)]
  0x000001aadd289cc0 WorkerThread "G1 Conc#0"                       [id=25188, stack(0x00000057f2500000,0x00000057f2600000) (1024K)]
  0x000001aac7caae10 WorkerThread "G1 Conc#1"                       [id=25920, stack(0x00000057f4b00000,0x00000057f4c00000) (1024K)]
  0x000001aac7cab570 WorkerThread "G1 Conc#2"                       [id=36584, stack(0x00000057f4c00000,0x00000057f4d00000) (1024K)]
  0x000001aac7cabcd0 WorkerThread "G1 Conc#3"                       [id=36548, stack(0x00000057f4d00000,0x00000057f4e00000) (1024K)]
  0x000001aafa6f89c0 ConcurrentGCThread "G1 Refine#0"               [id=14468, stack(0x00000057f2600000,0x00000057f2700000) (1024K)]
  0x000001aafa6f91f0 ConcurrentGCThread "G1 Service"                [id=27608, stack(0x00000057f2700000,0x00000057f2800000) (1024K)]
Total: 24

Threads with active compile tasks:
Total: 0

VM state: at safepoint (normal execution)

VM Mutex/Monitor currently owned by a thread:  ([mutex/lock_event])
[0x00007ffecf21cb80] Threads_lock - owner thread: 0x000001aafa8398b0

Heap address: 0x0000000084a00000, size: 1974 MB, Compressed Oops mode: 32-bit

CDS archive(s) mapped at: [0x000001aa80000000-0x000001aa80c60000-0x000001aa80c60000), size 12976128, SharedBaseAddress: 0x000001aa80000000, ArchiveRelocationMode: 1.
Compressed class space mapped at: 0x000001aa81000000-0x000001aac1000000, reserved size: 1073741824
Narrow klass base: 0x000001aa80000000, Narrow klass shift: 0, Narrow klass range: 0x41000000

GC Precious Log:
 CardTable entry size: 512
 Card Set container configuration: InlinePtr #cards 5 size 8 Array Of Cards #cards 12 size 40 Howl #buckets 4 coarsen threshold 1843 Howl Bitmap #cards 512 size 80 coarsen threshold 460 Card regions per heap region 1 cards per card region 2048
 CPUs: 20 total, 20 available
 Memory: 7893M
 Large Page Support: Disabled
 NUMA Support: Disabled
 Compressed Oops: Enabled (32-bit)
 Heap Region Size: 1M
 Heap Min Capacity: 8M
 Heap Initial Capacity: 124M
 Heap Max Capacity: 1974M
 Pre-touch: Disabled
 Parallel Workers: 15
 Concurrent Workers: 4
 Concurrent Refinement Workers: 15
 Periodic GC: Disabled

Heap:
 garbage-first heap   total reserved 2021376K, committed 109568K, used 87454K [0x0000000084a00000, 0x0000000100000000)
  region size 1024K, 55 young (56320K), 4 survivors (4096K)
 Metaspace       used 81663K, committed 82560K, reserved 1179648K
  class space    used 11171K, committed 11584K, reserved 1048576K

Heap Regions: E=young(eden), S=young(survivor), O=old, HS=humongous(starts), HC=humongous(continues), CS=collection set, F=free, TAMS=top-at-mark-start, PB=parsable bottom
|   0|0x0000000084a00000, 0x0000000084b00000, 0x0000000084b00000|100%|HS|  |TAMS 0x0000000084a00000| PB 0x0000000084a00000| Complete |  0
|   1|0x0000000084b00000, 0x0000000084c00000, 0x0000000084c00000|100%| O|  |TAMS 0x0000000084b00000| PB 0x0000000084b00000| Untracked |  0
|   2|0x0000000084c00000, 0x0000000084d00000, 0x0000000084d00000|100%| O|  |TAMS 0x0000000084c00000| PB 0x0000000084c00000| Untracked |  0
|   3|0x0000000084d00000, 0x0000000084e00000, 0x0000000084e00000|100%| O|Cm|TAMS 0x0000000084d00000| PB 0x0000000084d00000| Complete |  0
|   4|0x0000000084e00000, 0x0000000084f00000, 0x0000000084f00000|100%| O|  |TAMS 0x0000000084e00000| PB 0x0000000084e00000| Untracked |  0
|   5|0x0000000084f00000, 0x0000000085000000, 0x0000000085000000|100%| O|  |TAMS 0x0000000084f00000| PB 0x0000000084f00000| Untracked |  0
|   6|0x0000000085000000, 0x0000000085100000, 0x0000000085100000|100%| O|  |TAMS 0x0000000085000000| PB 0x0000000085000000| Untracked |  0
|   7|0x0000000085100000, 0x0000000085200000, 0x0000000085200000|100%| O|  |TAMS 0x0000000085100000| PB 0x0000000085100000| Untracked |  0
|   8|0x0000000085200000, 0x0000000085300000, 0x0000000085300000|100%| O|  |TAMS 0x0000000085200000| PB 0x0000000085200000| Untracked |  0
|   9|0x0000000085300000, 0x0000000085400000, 0x0000000085400000|100%| O|  |TAMS 0x0000000085300000| PB 0x0000000085300000| Untracked |  0
|  10|0x0000000085400000, 0x0000000085500000, 0x0000000085500000|100%| O|  |TAMS 0x0000000085400000| PB 0x0000000085400000| Untracked |  0
|  11|0x0000000085500000, 0x0000000085600000, 0x0000000085600000|100%| O|  |TAMS 0x0000000085500000| PB 0x0000000085500000| Untracked |  0
|  12|0x0000000085600000, 0x0000000085700000, 0x0000000085700000|100%| O|  |TAMS 0x0000000085600000| PB 0x0000000085600000| Untracked |  0
|  13|0x0000000085700000, 0x0000000085800000, 0x0000000085800000|100%| O|  |TAMS 0x0000000085700000| PB 0x0000000085700000| Untracked |  0
|  14|0x0000000085800000, 0x0000000085900000, 0x0000000085900000|100%| O|  |TAMS 0x0000000085800000| PB 0x0000000085800000| Untracked |  0
|  15|0x0000000085900000, 0x0000000085a00000, 0x0000000085a00000|100%| O|  |TAMS 0x0000000085900000| PB 0x0000000085900000| Untracked |  0
|  16|0x0000000085a00000, 0x0000000085b00000, 0x0000000085b00000|100%| O|  |TAMS 0x0000000085a00000| PB 0x0000000085a00000| Untracked |  0
|  17|0x0000000085b00000, 0x0000000085c00000, 0x0000000085c00000|100%| O|  |TAMS 0x0000000085b00000| PB 0x0000000085b00000| Untracked |  0
|  18|0x0000000085c00000, 0x0000000085d00000, 0x0000000085d00000|100%| O|Cm|TAMS 0x0000000085c00000| PB 0x0000000085c00000| Complete |  0
|  19|0x0000000085d00000, 0x0000000085e00000, 0x0000000085e00000|100%| O|  |TAMS 0x0000000085d00000| PB 0x0000000085d00000| Untracked |  0
|  20|0x0000000085e00000, 0x0000000085f00000, 0x0000000085f00000|100%| O|  |TAMS 0x0000000085e00000| PB 0x0000000085e00000| Untracked |  0
|  21|0x0000000085f00000, 0x0000000086000000, 0x0000000086000000|100%| O|  |TAMS 0x0000000085f00000| PB 0x0000000085f00000| Untracked |  0
|  22|0x0000000086000000, 0x0000000086100000, 0x0000000086100000|100%| O|  |TAMS 0x0000000086000000| PB 0x0000000086000000| Untracked |  0
|  23|0x0000000086100000, 0x0000000086200000, 0x0000000086200000|100%| O|  |TAMS 0x0000000086100000| PB 0x0000000086100000| Untracked |  0
|  24|0x0000000086200000, 0x0000000086300000, 0x0000000086300000|100%| O|  |TAMS 0x0000000086200000| PB 0x0000000086200000| Untracked |  0
|  25|0x0000000086300000, 0x0000000086400000, 0x0000000086400000|100%| O|  |TAMS 0x0000000086300000| PB 0x0000000086300000| Untracked |  0
|  26|0x0000000086400000, 0x0000000086500000, 0x0000000086500000|100%| O|  |TAMS 0x0000000086400000| PB 0x0000000086400000| Untracked |  0
|  27|0x0000000086500000, 0x0000000086600000, 0x0000000086600000|100%| O|  |TAMS 0x0000000086500000| PB 0x0000000086500000| Untracked |  0
|  28|0x0000000086600000, 0x0000000086700000, 0x0000000086700000|100%| O|  |TAMS 0x0000000086600000| PB 0x0000000086600000| Untracked |  0
|  29|0x0000000086700000, 0x0000000086800000, 0x0000000086800000|100%| O|  |TAMS 0x0000000086700000| PB 0x0000000086700000| Untracked |  0
|  30|0x0000000086800000, 0x0000000086867950, 0x0000000086900000| 40%| O|  |TAMS 0x0000000086800000| PB 0x0000000086800000| Untracked |  0
|  31|0x0000000086900000, 0x0000000086900000, 0x0000000086a00000|  0%| F|  |TAMS 0x0000000086900000| PB 0x0000000086900000| Untracked |  0
|  32|0x0000000086a00000, 0x0000000086a00000, 0x0000000086b00000|  0%| F|  |TAMS 0x0000000086a00000| PB 0x0000000086a00000| Untracked |  0
|  33|0x0000000086b00000, 0x0000000086b00000, 0x0000000086c00000|  0%| F|  |TAMS 0x0000000086b00000| PB 0x0000000086b00000| Untracked |  0
|  34|0x0000000086c00000, 0x0000000086c00000, 0x0000000086d00000|  0%| F|  |TAMS 0x0000000086c00000| PB 0x0000000086c00000| Untracked |  0
|  35|0x0000000086d00000, 0x0000000086d00000, 0x0000000086e00000|  0%| F|  |TAMS 0x0000000086d00000| PB 0x0000000086d00000| Untracked |  0
|  36|0x0000000086e00000, 0x0000000086e00000, 0x0000000086f00000|  0%| F|  |TAMS 0x0000000086e00000| PB 0x0000000086e00000| Untracked |  0
|  37|0x0000000086f00000, 0x0000000086f00000, 0x0000000087000000|  0%| F|  |TAMS 0x0000000086f00000| PB 0x0000000086f00000| Untracked |  0
|  38|0x0000000087000000, 0x0000000087000000, 0x0000000087100000|  0%| F|  |TAMS 0x0000000087000000| PB 0x0000000087000000| Untracked |  0
|  39|0x0000000087100000, 0x0000000087100000, 0x0000000087200000|  0%| F|  |TAMS 0x0000000087100000| PB 0x0000000087100000| Untracked |  0
|  40|0x0000000087200000, 0x0000000087200000, 0x0000000087300000|  0%| F|  |TAMS 0x0000000087200000| PB 0x0000000087200000| Untracked |  0
|  41|0x0000000087300000, 0x0000000087300000, 0x0000000087400000|  0%| F|  |TAMS 0x0000000087300000| PB 0x0000000087300000| Untracked |  0
|  42|0x0000000087400000, 0x0000000087500000, 0x0000000087500000|100%| S|CS|TAMS 0x0000000087400000| PB 0x0000000087400000| Complete |  0
|  43|0x0000000087500000, 0x0000000087600000, 0x0000000087600000|100%| S|CS|TAMS 0x0000000087500000| PB 0x0000000087500000| Complete |  0
|  44|0x0000000087600000, 0x0000000087700000, 0x0000000087700000|100%| S|CS|TAMS 0x0000000087600000| PB 0x0000000087600000| Complete |  0
|  45|0x0000000087700000, 0x0000000087800000, 0x0000000087800000|100%| S|CS|TAMS 0x0000000087700000| PB 0x0000000087700000| Complete |  0
|  46|0x0000000087800000, 0x0000000087800000, 0x0000000087900000|  0%| F|  |TAMS 0x0000000087800000| PB 0x0000000087800000| Untracked |  0
|  47|0x0000000087900000, 0x0000000087900000, 0x0000000087a00000|  0%| F|  |TAMS 0x0000000087900000| PB 0x0000000087900000| Untracked |  0
|  48|0x0000000087a00000, 0x0000000087a00000, 0x0000000087b00000|  0%| F|  |TAMS 0x0000000087a00000| PB 0x0000000087a00000| Untracked |  0
|  49|0x0000000087b00000, 0x0000000087b00000, 0x0000000087c00000|  0%| F|  |TAMS 0x0000000087b00000| PB 0x0000000087b00000| Untracked |  0
|  50|0x0000000087c00000, 0x0000000087c00000, 0x0000000087d00000|  0%| F|  |TAMS 0x0000000087c00000| PB 0x0000000087c00000| Untracked |  0
|  51|0x0000000087d00000, 0x0000000087d00000, 0x0000000087e00000|  0%| F|  |TAMS 0x0000000087d00000| PB 0x0000000087d00000| Untracked |  0
|  52|0x0000000087e00000, 0x0000000087e00000, 0x0000000087f00000|  0%| F|  |TAMS 0x0000000087e00000| PB 0x0000000087e00000| Untracked |  0
|  53|0x0000000087f00000, 0x0000000087f00000, 0x0000000088000000|  0%| F|  |TAMS 0x0000000087f00000| PB 0x0000000087f00000| Untracked |  0
|  54|0x0000000088000000, 0x0000000088000000, 0x0000000088100000|  0%| F|  |TAMS 0x0000000088000000| PB 0x0000000088000000| Untracked |  0
|  55|0x0000000088100000, 0x00000000881aea10, 0x0000000088200000| 68%| E|  |TAMS 0x0000000088100000| PB 0x0000000088100000| Complete |  0
|  56|0x0000000088200000, 0x0000000088300000, 0x0000000088300000|100%| E|CS|TAMS 0x0000000088200000| PB 0x0000000088200000| Complete |  0
|  57|0x0000000088300000, 0x0000000088400000, 0x0000000088400000|100%| E|CS|TAMS 0x0000000088300000| PB 0x0000000088300000| Complete |  0
|  58|0x0000000088400000, 0x0000000088500000, 0x0000000088500000|100%| E|CS|TAMS 0x0000000088400000| PB 0x0000000088400000| Complete |  0
|  59|0x0000000088500000, 0x0000000088600000, 0x0000000088600000|100%| E|CS|TAMS 0x0000000088500000| PB 0x0000000088500000| Complete |  0
|  60|0x0000000088600000, 0x0000000088700000, 0x0000000088700000|100%| E|CS|TAMS 0x0000000088600000| PB 0x0000000088600000| Complete |  0
|  61|0x0000000088700000, 0x0000000088800000, 0x0000000088800000|100%| E|CS|TAMS 0x0000000088700000| PB 0x0000000088700000| Complete |  0
|  62|0x0000000088800000, 0x0000000088900000, 0x0000000088900000|100%| E|CS|TAMS 0x0000000088800000| PB 0x0000000088800000| Complete |  0
|  63|0x0000000088900000, 0x0000000088a00000, 0x0000000088a00000|100%| E|CS|TAMS 0x0000000088900000| PB 0x0000000088900000| Complete |  0
|  64|0x0000000088a00000, 0x0000000088b00000, 0x0000000088b00000|100%| E|CS|TAMS 0x0000000088a00000| PB 0x0000000088a00000| Complete |  0
|  65|0x0000000088b00000, 0x0000000088c00000, 0x0000000088c00000|100%| E|CS|TAMS 0x0000000088b00000| PB 0x0000000088b00000| Complete |  0
|  66|0x0000000088c00000, 0x0000000088d00000, 0x0000000088d00000|100%| E|CS|TAMS 0x0000000088c00000| PB 0x0000000088c00000| Complete |  0
|  67|0x0000000088d00000, 0x0000000088e00000, 0x0000000088e00000|100%| E|CS|TAMS 0x0000000088d00000| PB 0x0000000088d00000| Complete |  0
|  68|0x0000000088e00000, 0x0000000088f00000, 0x0000000088f00000|100%| E|CS|TAMS 0x0000000088e00000| PB 0x0000000088e00000| Complete |  0
|  69|0x0000000088f00000, 0x0000000089000000, 0x0000000089000000|100%| E|CS|TAMS 0x0000000088f00000| PB 0x0000000088f00000| Complete |  0
|  70|0x0000000089000000, 0x0000000089100000, 0x0000000089100000|100%| E|CS|TAMS 0x0000000089000000| PB 0x0000000089000000| Complete |  0
|  71|0x0000000089100000, 0x0000000089200000, 0x0000000089200000|100%| E|CS|TAMS 0x0000000089100000| PB 0x0000000089100000| Complete |  0
|  72|0x0000000089200000, 0x0000000089300000, 0x0000000089300000|100%| E|CS|TAMS 0x0000000089200000| PB 0x0000000089200000| Complete |  0
|  73|0x0000000089300000, 0x0000000089400000, 0x0000000089400000|100%| E|CS|TAMS 0x0000000089300000| PB 0x0000000089300000| Complete |  0
|  74|0x0000000089400000, 0x0000000089500000, 0x0000000089500000|100%| E|CS|TAMS 0x0000000089400000| PB 0x0000000089400000| Complete |  0
|  75|0x0000000089500000, 0x0000000089600000, 0x0000000089600000|100%| E|CS|TAMS 0x0000000089500000| PB 0x0000000089500000| Complete |  0
|  76|0x0000000089600000, 0x0000000089700000, 0x0000000089700000|100%| E|CS|TAMS 0x0000000089600000| PB 0x0000000089600000| Complete |  0
|  77|0x0000000089700000, 0x0000000089800000, 0x0000000089800000|100%| E|CS|TAMS 0x0000000089700000| PB 0x0000000089700000| Complete |  0
|  78|0x0000000089800000, 0x0000000089900000, 0x0000000089900000|100%| E|CS|TAMS 0x0000000089800000| PB 0x0000000089800000| Complete |  0
|  79|0x0000000089900000, 0x0000000089a00000, 0x0000000089a00000|100%| E|CS|TAMS 0x0000000089900000| PB 0x0000000089900000| Complete |  0
|  80|0x0000000089a00000, 0x0000000089b00000, 0x0000000089b00000|100%| E|CS|TAMS 0x0000000089a00000| PB 0x0000000089a00000| Complete |  0
|  81|0x0000000089b00000, 0x0000000089c00000, 0x0000000089c00000|100%| E|CS|TAMS 0x0000000089b00000| PB 0x0000000089b00000| Complete |  0
|  82|0x0000000089c00000, 0x0000000089d00000, 0x0000000089d00000|100%| E|CS|TAMS 0x0000000089c00000| PB 0x0000000089c00000| Complete |  0
|  83|0x0000000089d00000, 0x0000000089e00000, 0x0000000089e00000|100%| E|CS|TAMS 0x0000000089d00000| PB 0x0000000089d00000| Complete |  0
|  84|0x0000000089e00000, 0x0000000089f00000, 0x0000000089f00000|100%| E|CS|TAMS 0x0000000089e00000| PB 0x0000000089e00000| Complete |  0
|  85|0x0000000089f00000, 0x000000008a000000, 0x000000008a000000|100%| E|CS|TAMS 0x0000000089f00000| PB 0x0000000089f00000| Complete |  0
|  86|0x000000008a000000, 0x000000008a100000, 0x000000008a100000|100%| E|CS|TAMS 0x000000008a000000| PB 0x000000008a000000| Complete |  0
|  87|0x000000008a100000, 0x000000008a200000, 0x000000008a200000|100%| E|CS|TAMS 0x000000008a100000| PB 0x000000008a100000| Complete |  0
|  88|0x000000008a200000, 0x000000008a300000, 0x000000008a300000|100%| E|CS|TAMS 0x000000008a200000| PB 0x000000008a200000| Complete |  0
|  89|0x000000008a300000, 0x000000008a400000, 0x000000008a400000|100%| E|CS|TAMS 0x000000008a300000| PB 0x000000008a300000| Complete |  0
|  90|0x000000008a400000, 0x000000008a500000, 0x000000008a500000|100%| E|CS|TAMS 0x000000008a400000| PB 0x000000008a400000| Complete |  0
|  91|0x000000008a500000, 0x000000008a600000, 0x000000008a600000|100%| E|CS|TAMS 0x000000008a500000| PB 0x000000008a500000| Complete |  0
|  92|0x000000008a600000, 0x000000008a700000, 0x000000008a700000|100%| E|CS|TAMS 0x000000008a600000| PB 0x000000008a600000| Complete |  0
|  93|0x000000008a700000, 0x000000008a800000, 0x000000008a800000|100%| E|CS|TAMS 0x000000008a700000| PB 0x000000008a700000| Complete |  0
|  94|0x000000008a800000, 0x000000008a900000, 0x000000008a900000|100%| E|CS|TAMS 0x000000008a800000| PB 0x000000008a800000| Complete |  0
|  95|0x000000008a900000, 0x000000008aa00000, 0x000000008aa00000|100%| E|CS|TAMS 0x000000008a900000| PB 0x000000008a900000| Complete |  0
|  96|0x000000008aa00000, 0x000000008ab00000, 0x000000008ab00000|100%| E|CS|TAMS 0x000000008aa00000| PB 0x000000008aa00000| Complete |  0
|  97|0x000000008ab00000, 0x000000008ac00000, 0x000000008ac00000|100%| E|CS|TAMS 0x000000008ab00000| PB 0x000000008ab00000| Complete |  0
|  98|0x000000008ac00000, 0x000000008ad00000, 0x000000008ad00000|100%| E|CS|TAMS 0x000000008ac00000| PB 0x000000008ac00000| Complete |  0
|  99|0x000000008ad00000, 0x000000008ae00000, 0x000000008ae00000|100%| E|CS|TAMS 0x000000008ad00000| PB 0x000000008ad00000| Complete |  0
| 100|0x000000008ae00000, 0x000000008af00000, 0x000000008af00000|100%| E|CS|TAMS 0x000000008ae00000| PB 0x000000008ae00000| Complete |  0
| 101|0x000000008af00000, 0x000000008b000000, 0x000000008b000000|100%| E|CS|TAMS 0x000000008af00000| PB 0x000000008af00000| Complete |  0
| 102|0x000000008b000000, 0x000000008b100000, 0x000000008b100000|100%| E|CS|TAMS 0x000000008b000000| PB 0x000000008b000000| Complete |  0
| 103|0x000000008b100000, 0x000000008b200000, 0x000000008b200000|100%| E|CS|TAMS 0x000000008b100000| PB 0x000000008b100000| Complete |  0
| 104|0x000000008b200000, 0x000000008b300000, 0x000000008b300000|100%| E|CS|TAMS 0x000000008b200000| PB 0x000000008b200000| Complete |  0
| 123|0x000000008c500000, 0x000000008c600000, 0x000000008c600000|100%| E|CS|TAMS 0x000000008c500000| PB 0x000000008c500000| Complete |  0
|1973|0x00000000fff00000, 0x0000000100000000, 0x0000000100000000|100%| O|  |TAMS 0x00000000fff00000| PB 0x00000000fff00000| Untracked |  0

Card table byte_map: [0x000001aaf53e0000,0x000001aaf57c0000] _byte_map_base: 0x000001aaf4fbb000

Marking Bits: (CMBitMap*) 0x000001aadd279300
 Bits: [0x000001aaf57c0000, 0x000001aaf7698000)

Polling page: 0x000001aadae20000

Metaspace:

Usage:
  Non-class:     68.84 MB used.
      Class:     10.91 MB used.
       Both:     79.75 MB used.

Virtual space:
  Non-class space:      128.00 MB reserved,      69.31 MB ( 54%) committed,  2 nodes.
      Class space:        1.00 GB reserved,      11.31 MB (  1%) committed,  1 nodes.
             Both:        1.12 GB reserved,      80.62 MB (  7%) committed. 

Chunk freelists:
   Non-Class:  10.19 MB
       Class:  4.72 MB
        Both:  14.91 MB

MaxMetaspaceSize: unlimited
CompressedClassSpaceSize: 1.00 GB
Initial GC threshold: 21.00 MB
Current GC threshold: 127.31 MB
CDS: on
 - commit_granule_bytes: 65536.
 - commit_granule_words: 8192.
 - virtual_space_node_default_size: 8388608.
 - enlarge_chunks_in_place: 1.
 - use_allocation_guard: 0.


Internal statistics:

num_allocs_failed_limit: 9.
num_arena_births: 1268.
num_arena_deaths: 0.
num_vsnodes_births: 3.
num_vsnodes_deaths: 0.
num_space_committed: 1290.
num_space_uncommitted: 0.
num_chunks_returned_to_freelist: 9.
num_chunks_taken_from_freelist: 4205.
num_chunk_merges: 6.
num_chunk_splits: 3039.
num_chunks_enlarged: 2345.
num_inconsistent_stats: 0.

CodeHeap 'non-profiled nmethods': size=119168Kb used=6428Kb max_used=6428Kb free=112739Kb
 bounds [0x000001aaed100000, 0x000001aaed750000, 0x000001aaf4560000]
CodeHeap 'profiled nmethods': size=119104Kb used=14905Kb max_used=14905Kb free=104198Kb
 bounds [0x000001aae5560000, 0x000001aae63f0000, 0x000001aaec9b0000]
CodeHeap 'non-nmethods': size=7488Kb used=1798Kb max_used=3577Kb free=5689Kb
 bounds [0x000001aaec9b0000, 0x000001aaecd40000, 0x000001aaed100000]
 total_blobs=8517 nmethods=7757 adapters=663
 compilation: enabled
              stopped_count=0, restarted_count=0
 full_count=0

Compilation events (20 events):
Event: 823.858 Thread 0x000001aafa878b50 8753       3       java.util.TreeSet::<init> (13 bytes)
Event: 823.858 Thread 0x000001aafa878b50 nmethod 8753 0x000001aae63ec810 code [0x000001aae63ec9e0, 0x000001aae63ece98]
Event: 888.230 Thread 0x000001aafa877c90 8754       4       java.util.concurrent.locks.AbstractQueuedSynchronizer$ConditionObject::canReacquire (38 bytes)
Event: 888.231 Thread 0x000001aafa877c90 nmethod 8754 0x000001aaed745d10 code [0x000001aaed745ea0, 0x000001aaed745f88]
Event: 923.925 Thread 0x000001aafa878b50 8755       3       java.lang.Thread::setContextClassLoader (28 bytes)
Event: 923.926 Thread 0x000001aafa878b50 nmethod 8755 0x000001aae63ed090 code [0x000001aae63ed240, 0x000001aae63ed490]
Event: 994.313 Thread 0x000001aafa877c90 8756       4       java.util.concurrent.ThreadPoolExecutor::afterExecute (1 bytes)
Event: 994.313 Thread 0x000001aafa877c90 nmethod 8756 0x000001aaed746090 code [0x000001aaed746200, 0x000001aaed746288]
Event: 995.230 Thread 0x000001aafa877c90 8757       4       java.util.concurrent.ThreadPoolExecutor::beforeExecute (1 bytes)
Event: 995.231 Thread 0x000001aafa877c90 nmethod 8757 0x000001aaed746390 code [0x000001aaed746500, 0x000001aaed746588]
Event: 1003.985 Thread 0x000001aafa878b50 8758       1       org.apache.catalina.loader.WebappLoader::getClassLoader (5 bytes)
Event: 1003.985 Thread 0x000001aafa878b50 nmethod 8758 0x000001aaed746690 code [0x000001aaed746820, 0x000001aaed7468e8]
Event: 1003.985 Thread 0x000001aafa878b50 8759       3       java.util.concurrent.ScheduledThreadPoolExecutor::triggerTime (22 bytes)
Event: 1003.986 Thread 0x000001aafa878b50 nmethod 8759 0x000001aae63ed590 code [0x000001aae63ed740, 0x000001aae63ed930]
Event: 1044.015 Thread 0x000001aafa877c90 8760       4       java.util.concurrent.ScheduledThreadPoolExecutor$ScheduledFutureTask::compareTo (101 bytes)
Event: 1044.016 Thread 0x000001aafa877c90 nmethod 8760 0x000001aaed746990 code [0x000001aaed746b20, 0x000001aaed746c40]
Event: 1054.026 Thread 0x000001aafa878b50 8761   !   3       org.apache.catalina.core.StandardContext::getLoader (38 bytes)
Event: 1054.027 Thread 0x000001aafa878b50 nmethod 8761 0x000001aae63eda10 code [0x000001aae63edc40, 0x000001aae63ee348]
Event: 1060.664 Thread 0x000001aafa877c90 8762       4       jdk.internal.util.ArraysSupport::utf16hashCode (40 bytes)
Event: 1060.668 Thread 0x000001aafa877c90 nmethod 8762 0x000001aaed746d10 code [0x000001aaed746e80, 0x000001aaed747078]

GC Heap History (20 events):
Event: 4.038 GC heap before
{Heap before GC invocations=14 (full 0):
 garbage-first heap   total reserved 2021376K, committed 75776K, used 64290K [0x0000000084a00000, 0x0000000100000000)
  region size 1024K, 44 young (45056K), 4 survivors (4096K)
 Metaspace       used 47394K, committed 48000K, reserved 1114112K
  class space    used 6208K, committed 6464K, reserved 1048576K
}
Event: 4.041 GC heap after
{Heap after GC invocations=15 (full 0):
 garbage-first heap   total reserved 2021376K, committed 75776K, used 24498K [0x0000000084a00000, 0x0000000100000000)
  region size 1024K, 4 young (4096K), 4 survivors (4096K)
 Metaspace       used 47394K, committed 48000K, reserved 1114112K
  class space    used 6208K, committed 6464K, reserved 1048576K
}
Event: 4.353 GC heap before
{Heap before GC invocations=15 (full 0):
 garbage-first heap   total reserved 2021376K, committed 75776K, used 65458K [0x0000000084a00000, 0x0000000100000000)
  region size 1024K, 44 young (45056K), 4 survivors (4096K)
 Metaspace       used 51110K, committed 51712K, reserved 1114112K
  class space    used 6686K, committed 6912K, reserved 1048576K
}
Event: 4.356 GC heap after
{Heap after GC invocations=16 (full 0):
 garbage-first heap   total reserved 2021376K, committed 75776K, used 25449K [0x0000000084a00000, 0x0000000100000000)
  region size 1024K, 5 young (5120K), 5 survivors (5120K)
 Metaspace       used 51110K, committed 51712K, reserved 1114112K
  class space    used 6686K, committed 6912K, reserved 1048576K
}
Event: 4.585 GC heap before
{Heap before GC invocations=16 (full 0):
 garbage-first heap   total reserved 2021376K, committed 75776K, used 64361K [0x0000000084a00000, 0x0000000100000000)
  region size 1024K, 43 young (44032K), 5 survivors (5120K)
 Metaspace       used 55282K, committed 55936K, reserved 1114112K
  class space    used 7357K, committed 7616K, reserved 1048576K
}
Event: 4.589 GC heap after
{Heap after GC invocations=17 (full 0):
 garbage-first heap   total reserved 2021376K, committed 75776K, used 26563K [0x0000000084a00000, 0x0000000100000000)
  region size 1024K, 4 young (4096K), 4 survivors (4096K)
 Metaspace       used 55282K, committed 55936K, reserved 1114112K
  class space    used 7357K, committed 7616K, reserved 1048576K
}
Event: 4.871 GC heap before
{Heap before GC invocations=17 (full 0):
 garbage-first heap   total reserved 2021376K, committed 75776K, used 65475K [0x0000000084a00000, 0x0000000100000000)
  region size 1024K, 43 young (44032K), 4 survivors (4096K)
 Metaspace       used 59293K, committed 59904K, reserved 1114112K
  class space    used 7985K, committed 8256K, reserved 1048576K
}
Event: 4.874 GC heap after
{Heap after GC invocations=18 (full 0):
 garbage-first heap   total reserved 2021376K, committed 75776K, used 27061K [0x0000000084a00000, 0x0000000100000000)
  region size 1024K, 4 young (4096K), 4 survivors (4096K)
 Metaspace       used 59293K, committed 59904K, reserved 1114112K
  class space    used 7985K, committed 8256K, reserved 1048576K
}
Event: 4.900 GC heap before
{Heap before GC invocations=18 (full 0):
 garbage-first heap   total reserved 2021376K, committed 75776K, used 30133K [0x0000000084a00000, 0x0000000100000000)
  region size 1024K, 8 young (8192K), 4 survivors (4096K)
 Metaspace       used 59716K, committed 60288K, reserved 1114112K
  class space    used 8060K, committed 8320K, reserved 1048576K
}
Event: 4.902 GC heap after
{Heap after GC invocations=19 (full 0):
 garbage-first heap   total reserved 2021376K, committed 75776K, used 27201K [0x0000000084a00000, 0x0000000100000000)
  region size 1024K, 3 young (3072K), 3 survivors (3072K)
 Metaspace       used 59716K, committed 60288K, reserved 1114112K
  class space    used 8060K, committed 8320K, reserved 1048576K
}
Event: 5.208 GC heap before
{Heap before GC invocations=20 (full 0):
 garbage-first heap   total reserved 2021376K, committed 75776K, used 66113K [0x0000000084a00000, 0x0000000100000000)
  region size 1024K, 42 young (43008K), 3 survivors (3072K)
 Metaspace       used 63007K, committed 63744K, reserved 1114112K
  class space    used 8586K, committed 8960K, reserved 1048576K
}
Event: 5.211 GC heap after
{Heap after GC invocations=21 (full 0):
 garbage-first heap   total reserved 2021376K, committed 91136K, used 28540K [0x0000000084a00000, 0x0000000100000000)
  region size 1024K, 4 young (4096K), 4 survivors (4096K)
 Metaspace       used 63007K, committed 63744K, reserved 1114112K
  class space    used 8586K, committed 8960K, reserved 1048576K
}
Event: 5.558 GC heap before
{Heap before GC invocations=21 (full 0):
 garbage-first heap   total reserved 2021376K, committed 91136K, used 78716K [0x0000000084a00000, 0x0000000100000000)
  region size 1024K, 53 young (54272K), 4 survivors (4096K)
 Metaspace       used 67211K, committed 67904K, reserved 1114112K
  class space    used 9157K, committed 9472K, reserved 1048576K
}
Event: 5.562 GC heap after
{Heap after GC invocations=22 (full 0):
 garbage-first heap   total reserved 2021376K, committed 91136K, used 30221K [0x0000000084a00000, 0x0000000100000000)
  region size 1024K, 6 young (6144K), 6 survivors (6144K)
 Metaspace       used 67211K, committed 67904K, reserved 1114112K
  class space    used 9157K, committed 9472K, reserved 1048576K
}
Event: 5.854 GC heap before
{Heap before GC invocations=22 (full 0):
 garbage-first heap   total reserved 2021376K, committed 91136K, used 78349K [0x0000000084a00000, 0x0000000100000000)
  region size 1024K, 53 young (54272K), 6 survivors (6144K)
 Metaspace       used 70144K, committed 70976K, reserved 1114112K
  class space    used 9550K, committed 9920K, reserved 1048576K
}
Event: 5.858 GC heap after
{Heap after GC invocations=23 (full 0):
 garbage-first heap   total reserved 2021376K, committed 91136K, used 32411K [0x0000000084a00000, 0x0000000100000000)
  region size 1024K, 6 young (6144K), 6 survivors (6144K)
 Metaspace       used 70144K, committed 70976K, reserved 1114112K
  class space    used 9550K, committed 9920K, reserved 1048576K
}
Event: 6.196 GC heap before
{Heap before GC invocations=23 (full 0):
 garbage-first heap   total reserved 2021376K, committed 91136K, used 79515K [0x0000000084a00000, 0x0000000100000000)
  region size 1024K, 52 young (53248K), 6 survivors (6144K)
 Metaspace       used 72726K, committed 73536K, reserved 1114112K
  class space    used 9909K, committed 10304K, reserved 1048576K
}
Event: 6.202 GC heap after
{Heap after GC invocations=24 (full 0):
 garbage-first heap   total reserved 2021376K, committed 91136K, used 35325K [0x0000000084a00000, 0x0000000100000000)
  region size 1024K, 6 young (6144K), 6 survivors (6144K)
 Metaspace       used 72726K, committed 73536K, reserved 1114112K
  class space    used 9909K, committed 10304K, reserved 1048576K
}
Event: 13.894 GC heap before
{Heap before GC invocations=24 (full 0):
 garbage-first heap   total reserved 2021376K, committed 91136K, used 77309K [0x0000000084a00000, 0x0000000100000000)
  region size 1024K, 48 young (49152K), 6 survivors (6144K)
 Metaspace       used 77216K, committed 78144K, reserved 1179648K
  class space    used 10542K, committed 10944K, reserved 1048576K
}
Event: 13.899 GC heap after
{Heap after GC invocations=25 (full 0):
 garbage-first heap   total reserved 2021376K, committed 109568K, used 36254K [0x0000000084a00000, 0x0000000100000000)
  region size 1024K, 4 young (4096K), 4 survivors (4096K)
 Metaspace       used 77216K, committed 78144K, reserved 1179648K
  class space    used 10542K, committed 10944K, reserved 1048576K
}

Dll operation events (14 events):
Event: 0.007 Loaded shared library C:\Program Files\Java\jdk-22\bin\java.dll
Event: 0.032 Loaded shared library C:\Program Files\Java\jdk-22\bin\jsvml.dll
Event: 0.166 Loaded shared library C:\Program Files\Java\jdk-22\bin\zip.dll
Event: 0.171 Loaded shared library C:\Program Files\Java\jdk-22\bin\instrument.dll
Event: 0.175 Loaded shared library C:\Program Files\Java\jdk-22\bin\net.dll
Event: 0.177 Loaded shared library C:\Program Files\Java\jdk-22\bin\nio.dll
Event: 0.180 Loaded shared library C:\Program Files\Java\jdk-22\bin\zip.dll
Event: 0.327 Loaded shared library C:\Program Files\Java\jdk-22\bin\jimage.dll
Event: 0.366 Loaded shared library C:\Program Files\Java\jdk-22\bin\verify.dll
Event: 1.174 Loaded shared library C:\Program Files\Java\jdk-22\bin\le.dll
Event: 1.833 Loaded shared library C:\Program Files\Java\jdk-22\bin\sunmscapi.dll
Event: 3.085 Loaded shared library C:\Program Files\Java\jdk-22\bin\management.dll
Event: 3.089 Loaded shared library C:\Program Files\Java\jdk-22\bin\management_ext.dll
Event: 3.806 Loaded shared library C:\Program Files\Java\jdk-22\bin\extnet.dll

Deoptimization events (20 events):
Event: 761.561 Thread 0x000001aacad83e70 Uncommon trap: trap_request=0xffffff45 fr.pc=0x000001aaed2dc424 relative=0x0000000000000264
Event: 761.561 Thread 0x000001aacad83e70 Uncommon trap: reason=unstable_if action=reinterpret pc=0x000001aaed2dc424 method=java.util.IdentityHashMap.maskNull(Ljava/lang/Object;)Ljava/lang/Object; @ 1 c2
Event: 761.561 Thread 0x000001aacad83e70 DEOPT PACKING pc=0x000001aaed2dc424 sp=0x00000057f55fac70
Event: 761.561 Thread 0x000001aacad83e70 DEOPT UNPACKING pc=0x000001aaeca046a2 sp=0x00000057f55fabb8 mode 2
Event: 761.595 Thread 0x000001aacad83e70 Uncommon trap: trap_request=0xffffff45 fr.pc=0x000001aaed286fe8 relative=0x0000000000000328
Event: 761.595 Thread 0x000001aacad83e70 Uncommon trap: reason=unstable_if action=reinterpret pc=0x000001aaed286fe8 method=java.lang.AbstractStringBuilder.appendChars([CII)V @ 43 c2
Event: 761.595 Thread 0x000001aacad83e70 DEOPT PACKING pc=0x000001aaed286fe8 sp=0x00000057f55fb3e0
Event: 761.595 Thread 0x000001aacad83e70 DEOPT UNPACKING pc=0x000001aaeca046a2 sp=0x00000057f55fb2d0 mode 2
Event: 761.596 Thread 0x000001aacad83e70 Uncommon trap: trap_request=0xffffff45 fr.pc=0x000001aaed1f1954 relative=0x00000000000005f4
Event: 761.596 Thread 0x000001aacad83e70 Uncommon trap: reason=unstable_if action=reinterpret pc=0x000001aaed1f1954 method=java.lang.AbstractStringBuilder.appendChars([CII)V @ 10 c2
Event: 761.596 Thread 0x000001aacad83e70 DEOPT PACKING pc=0x000001aaed1f1954 sp=0x00000057f55fb360
Event: 761.596 Thread 0x000001aacad83e70 DEOPT UNPACKING pc=0x000001aaeca046a2 sp=0x00000057f55fb2c8 mode 2
Event: 761.910 Thread 0x000001aacad886a0 DEOPT PACKING pc=0x000001aae5719e64 sp=0x00000057f58fb4c0
Event: 761.910 Thread 0x000001aacad886a0 DEOPT UNPACKING pc=0x000001aaeca04e42 sp=0x00000057f58fa9f0 mode 0
Event: 971.349 Thread 0x000001aac5380f10 Uncommon trap: trap_request=0xffffff45 fr.pc=0x000001aaed4f5554 relative=0x0000000000000134
Event: 971.349 Thread 0x000001aac5380f10 Uncommon trap: reason=unstable_if action=reinterpret pc=0x000001aaed4f5554 method=sun.instrument.InstrumentationImpl.transform(Ljava/lang/Module;Ljava/lang/ClassLoader;Ljava/lang/String;Ljava/lang/Class;Ljava/security/ProtectionDomain;[BZ)[B @ 24 c2
Event: 971.349 Thread 0x000001aac5380f10 DEOPT PACKING pc=0x000001aaed4f5554 sp=0x00000057f37fe480
Event: 971.350 Thread 0x000001aac5380f10 DEOPT UNPACKING pc=0x000001aaeca046a2 sp=0x00000057f37fe408 mode 2
Event: 1060.664 Thread 0x000001aac5380f10 DEOPT PACKING pc=0x000001aae5df7361 sp=0x00000057f37fe050
Event: 1060.664 Thread 0x000001aac5380f10 DEOPT UNPACKING pc=0x000001aaeca04e42 sp=0x00000057f37fd4e8 mode 0

Classes loaded (20 events):
Event: 63.942 Loading class sun/reflect/annotation/AnnotationInvocationHandler$1
Event: 63.942 Loading class sun/reflect/annotation/AnnotationInvocationHandler$1 done
Event: 64.030 Loading class java/lang/Throwable$WrappedPrintStream
Event: 64.030 Loading class java/lang/Throwable$PrintStreamOrWriter
Event: 64.030 Loading class java/lang/Throwable$PrintStreamOrWriter done
Event: 64.030 Loading class java/lang/Throwable$WrappedPrintStream done
Event: 74.917 Loading class java/util/function/LongSupplier
Event: 74.918 Loading class java/util/function/LongSupplier done
Event: 760.519 Loading class java/util/TreeMap$KeySpliterator
Event: 760.522 Loading class java/util/TreeMap$KeySpliterator done
Event: 760.967 Loading class java/text/CharacterIterator
Event: 760.967 Loading class java/text/CharacterIterator done
Event: 760.969 Loading class java/text/StringCharacterIterator
Event: 760.972 Loading class java/text/StringCharacterIterator done
Event: 761.313 Loading class java/lang/package-info
Event: 761.313 Loading class java/lang/package-info done
Event: 761.364 Loading class java/util/stream/ReduceOps$4
Event: 761.364 Loading class java/util/stream/ReduceOps$4 done
Event: 761.364 Loading class java/util/stream/ReduceOps$4ReducingSink
Event: 761.365 Loading class java/util/stream/ReduceOps$4ReducingSink done

Classes unloaded (0 events):
No events

Classes redefined (1 events):
Event: 971.499 Thread 0x000001aafa8398b0 redefined class name=ru.terentyev.EffectiveMobileTestTask.controllers.TaskController, count=1

Internal exceptions (20 events):
Event: 5.233 Thread 0x000001aadae803c0 Exception <a 'java/lang/IncompatibleClassChangeError'{0x0000000089efe958}: Found class java.lang.Object, but interface was expected> (0x0000000089efe958) 
thrown [s\open\src\hotspot\share\interpreter\linkResolver.cpp, line 841]
Event: 5.335 Thread 0x000001aadae803c0 Exception <a 'java/lang/IncompatibleClassChangeError'{0x0000000088e089f8}: Found class java.lang.Object, but interface was expected> (0x0000000088e089f8) 
thrown [s\open\src\hotspot\share\interpreter\linkResolver.cpp, line 841]
Event: 5.382 Thread 0x000001aadae803c0 Exception <a 'java/lang/IncompatibleClassChangeError'{0x000000008883caf0}: Found class java.lang.Object, but interface was expected> (0x000000008883caf0) 
thrown [s\open\src\hotspot\share\interpreter\linkResolver.cpp, line 841]
Event: 5.556 Thread 0x000001aadae803c0 Exception <a 'java/lang/NoSuchMethodError'{0x0000000087189910}: 'java.lang.Object java.lang.invoke.DirectMethodHandle$Holder.newInvokeSpecial(java.lang.Object, java.lang.Object, java.lang.Object, java.lang.Object, java.lang.Object, java.lang.Object, java.lang.Object, java.lang.Object)'> (0x0000000087189910) 
thrown [s\open\src\hotspot\share\interpreter\linkResolver.cpp, line 774]
Event: 5.616 Thread 0x000001aadae803c0 Exception <a 'java/lang/NoSuchMethodError'{0x0000000089561d10}: 'java.lang.Object java.lang.invoke.DirectMethodHandle$Holder.invokeVirtual(java.lang.Object, java.lang.Object, java.lang.Object, java.lang.Object, java.lang.Object, java.lang.Object, java.lang.Object)'> (0x0000000089561d10) 
thrown [s\open\src\hotspot\share\interpreter\linkResolver.cpp, line 774]
Event: 5.869 Thread 0x000001aadae803c0 Exception <a 'java/lang/IncompatibleClassChangeError'{0x000000008a0bf8b0}: Found class java.lang.Object, but interface was expected> (0x000000008a0bf8b0) 
thrown [s\open\src\hotspot\share\interpreter\linkResolver.cpp, line 841]
Event: 5.952 Thread 0x000001aadae803c0 Exception <a 'java/lang/NoSuchMethodError'{0x00000000895dcb88}: 'java.lang.Object java.lang.invoke.DirectMethodHandle$Holder.invokeInterface(java.lang.Object, java.lang.Object, java.lang.Object, java.lang.Object)'> (0x00000000895dcb88) 
thrown [s\open\src\hotspot\share\interpreter\linkResolver.cpp, line 774]
Event: 5.986 Thread 0x000001aadae803c0 Exception <a 'java/lang/NoSuchMethodError'{0x000000008901f348}: 'void java.lang.invoke.DirectMethodHandle$Holder.invokeVirtual(java.lang.Object, java.lang.Object, long)'> (0x000000008901f348) 
thrown [s\open\src\hotspot\share\interpreter\linkResolver.cpp, line 774]
Event: 6.001 Thread 0x000001aadae803c0 Exception <a 'java/lang/NoSuchMethodError'{0x0000000088e7baf0}: 'java.lang.Object java.lang.invoke.DirectMethodHandle$Holder.invokeSpecial(java.lang.Object, java.lang.Object, int, int, int, int)'> (0x0000000088e7baf0) 
thrown [s\open\src\hotspot\share\interpreter\linkResolver.cpp, line 774]
Event: 6.066 Thread 0x000001aadae803c0 Exception <a 'java/lang/NoSuchMethodError'{0x0000000088588c78}: 'java.lang.Object java.lang.invoke.DirectMethodHandle$Holder.invokeVirtual(java.lang.Object, java.lang.Object, java.lang.Object, java.lang.Object, java.lang.Object, java.lang.Object, java.lang.Object, java.lang.Object, java.lang.Object)'> (0x0000000088588c78) 
thrown [s\open\src\hotspot\share\interpreter\linkResolver.cpp, line 774]
Event: 6.094 Thread 0x000001aadae803c0 Exception <a 'java/lang/NoSuchMethodError'{0x0000000088115518}: 'java.lang.Object java.lang.invoke.DirectMethodHandle$Holder.invokeVirtual(java.lang.Object, java.lang.Object, java.lang.Object, java.lang.Object, java.lang.Object, java.lang.Object, java.lang.Object, java.lang.Object, java.lang.Object, java.lang.Object)'> (0x0000000088115518) 
thrown [s\open\src\hotspot\share\interpreter\linkResolver.cpp, line 774]
Event: 6.128 Thread 0x000001aadae803c0 Exception <a 'java/lang/IncompatibleClassChangeError'{0x0000000087ee4e70}: Found class java.lang.Object, but interface was expected> (0x0000000087ee4e70) 
thrown [s\open\src\hotspot\share\interpreter\linkResolver.cpp, line 841]
Event: 6.137 Thread 0x000001aadae803c0 Implicit null exception at 0x000001aaed2df7e8 to 0x000001aaed2dfa90
Event: 6.189 Thread 0x000001aadae803c0 Exception <a 'java/lang/NoSuchMethodError'{0x00000000875f8240}: 'java.lang.Object java.lang.invoke.DirectMethodHandle$Holder.newInvokeSpecial(java.lang.Object, java.lang.Object, int, java.lang.Object, java.lang.Object)'> (0x00000000875f8240) 
thrown [s\open\src\hotspot\share\interpreter\linkResolver.cpp, line 774]
Event: 13.588 Thread 0x000001aacad82430 Exception <a 'java/lang/NoSuchMethodError'{0x0000000089a53968}: 'java.lang.Object java.lang.invoke.DirectMethodHandle$Holder.invokeSpecial(java.lang.Object, java.lang.Object, java.lang.Object, java.lang.Object, java.lang.Object, long)'> (0x0000000089a53968) 
thrown [s\open\src\hotspot\share\interpreter\linkResolver.cpp, line 774]
Event: 13.588 Thread 0x000001aacad82430 Exception <a 'java/lang/NoSuchMethodError'{0x0000000089a57138}: 'java.lang.Object java.lang.invoke.Invokers$Holder.linkToTargetMethod(java.lang.Object, java.lang.Object, java.lang.Object, long, java.lang.Object)'> (0x0000000089a57138) 
thrown [s\open\src\hotspot\share\interpreter\linkResolver.cpp, line 774]
Event: 13.858 Thread 0x000001aacad82430 Exception <a 'java/lang/IncompatibleClassChangeError'{0x0000000087d44250}: Found class java.lang.Object, but interface was expected> (0x0000000087d44250) 
thrown [s\open\src\hotspot\share\interpreter\linkResolver.cpp, line 841]
Event: 13.902 Thread 0x000001aacad82430 Exception <a 'java/lang/NoSuchMethodError'{0x000000008c51a848}: 'void java.lang.invoke.DirectMethodHandle$Holder.invokeSpecialIFC(java.lang.Object, java.lang.Object, int, java.lang.Object, java.lang.Object, java.lang.Object, java.lang.Object)'> (0x000000008c51a848) 
thrown [s\open\src\hotspot\share\interpreter\linkResolver.cpp, line 774]
Event: 64.008 Thread 0x000001aacad83e70 Exception <a 'java/lang/NoSuchMethodError'{0x0000000089a0b880}: 'java.lang.Object java.lang.invoke.DirectMethodHandle$Holder.invokeInterface(java.lang.Object, java.lang.Object, java.lang.Object, java.lang.Object, java.lang.Object)'> (0x0000000089a0b880) 
thrown [s\open\src\hotspot\share\interpreter\linkResolver.cpp, line 774]
Event: 761.560 Thread 0x000001aacad83e70 Implicit null exception at 0x000001aaed2dc200 to 0x000001aaed2dc40c

ZGC Phase Switch (0 events):
No events

VM Operations (20 events):
Event: 653.759 Executing VM operation: Cleanup done
Event: 673.969 Executing VM operation: Cleanup
Event: 673.969 Executing VM operation: Cleanup done
Event: 674.980 Executing VM operation: Cleanup
Event: 674.980 Executing VM operation: Cleanup done
Event: 760.912 Executing VM operation: Cleanup
Event: 760.913 Executing VM operation: Cleanup done
Event: 761.068 Executing VM operation: HandshakeAllThreads (Deoptimize)
Event: 761.069 Executing VM operation: HandshakeAllThreads (Deoptimize) done
Event: 761.221 Executing VM operation: HandshakeAllThreads (Deoptimize)
Event: 761.221 Executing VM operation: HandshakeAllThreads (Deoptimize) done
Event: 761.446 Executing VM operation: ICBufferFull
Event: 761.447 Executing VM operation: ICBufferFull done
Event: 762.460 Executing VM operation: Cleanup
Event: 762.460 Executing VM operation: Cleanup done
Event: 764.481 Executing VM operation: Cleanup
Event: 764.481 Executing VM operation: Cleanup done
Event: 971.358 Executing VM operation: RedefineClasses
Event: 971.622 Executing VM operation: RedefineClasses done
Event: 1060.671 Executing VM operation: RedefineClasses

Memory protections (0 events):
No events

Nmethod flushes (20 events):
Event: 13.917 Thread 0x000001aafa8398b0 flushing  nmethod 0x000001aae57dc810
Event: 13.917 Thread 0x000001aafa8398b0 flushing  nmethod 0x000001aae57dd910
Event: 13.917 Thread 0x000001aafa8398b0 flushing  nmethod 0x000001aae581db90
Event: 13.917 Thread 0x000001aafa8398b0 flushing  nmethod 0x000001aae581e690
Event: 13.917 Thread 0x000001aafa8398b0 flushing  nmethod 0x000001aae581f290
Event: 13.917 Thread 0x000001aafa8398b0 flushing  nmethod 0x000001aae583a610
Event: 13.917 Thread 0x000001aafa8398b0 flushing  nmethod 0x000001aae58d1990
Event: 13.917 Thread 0x000001aafa8398b0 flushing  nmethod 0x000001aae58f9810
Event: 13.917 Thread 0x000001aafa8398b0 flushing  nmethod 0x000001aae58f9f10
Event: 13.917 Thread 0x000001aafa8398b0 flushing  nmethod 0x000001aae58fb410
Event: 13.917 Thread 0x000001aafa8398b0 flushing  nmethod 0x000001aae5a2b310
Event: 13.917 Thread 0x000001aafa8398b0 flushing  nmethod 0x000001aae5a47010
Event: 13.917 Thread 0x000001aafa8398b0 flushing  nmethod 0x000001aae5a48d90
Event: 13.917 Thread 0x000001aafa8398b0 flushing  nmethod 0x000001aae5c14b10
Event: 13.917 Thread 0x000001aafa8398b0 flushing  nmethod 0x000001aae5c15310
Event: 13.917 Thread 0x000001aafa8398b0 flushing  nmethod 0x000001aae5c17690
Event: 13.917 Thread 0x000001aafa8398b0 flushing  nmethod 0x000001aae5d40f90
Event: 13.917 Thread 0x000001aafa8398b0 flushing  nmethod 0x000001aae5d42310
Event: 13.917 Thread 0x000001aafa8398b0 flushing  nmethod 0x000001aae5e57d90
Event: 13.917 Thread 0x000001aafa8398b0 flushing  nmethod 0x000001aae5ef4210

Events (20 events):
Event: 19.131 Thread 0x000001aacb8729c0 Thread exited: 0x000001aacb8729c0
Event: 19.131 Thread 0x000001aac858dc30 Thread exited: 0x000001aac858dc30
Event: 19.131 Thread 0x000001aac527da80 Thread exited: 0x000001aac527da80
Event: 19.131 Thread 0x000001aac527cf90 Thread exited: 0x000001aac527cf90
Event: 36.497 Thread 0x000001aafa878b50 Thread added: 0x000001aac527da80
Event: 42.226 Thread 0x000001aac527da80 Thread exited: 0x000001aac527da80
Event: 63.940 Thread 0x000001aafa877c90 Thread added: 0x000001aac527da80
Event: 66.231 Thread 0x000001aac527da80 Thread exited: 0x000001aac527da80
Event: 760.566 Thread 0x000001aafa878b50 Thread added: 0x000001aac527da80
Event: 760.815 Thread 0x000001aacad83e70 Thread added: 0x000001aacad81da0
Event: 760.815 Thread 0x000001aacad83e70 Thread added: 0x000001aacad82ac0
Event: 761.120 Thread 0x000001aafa878b50 Thread added: 0x000001aacbf45910
Event: 761.231 Thread 0x000001aafa878b50 Thread added: 0x000001aac858dc30
Event: 761.319 Thread 0x000001aafa878b50 Thread added: 0x000001aacb8729c0
Event: 764.001 Thread 0x000001aacad82ac0 Thread exited: 0x000001aacad82ac0
Event: 766.948 Thread 0x000001aacb8729c0 Thread exited: 0x000001aacb8729c0
Event: 766.948 Thread 0x000001aac858dc30 Thread exited: 0x000001aac858dc30
Event: 766.948 Thread 0x000001aacbf45910 Thread exited: 0x000001aacbf45910
Event: 766.948 Thread 0x000001aac527da80 Thread exited: 0x000001aac527da80
Event: 767.150 Thread 0x000001aacad81da0 Thread exited: 0x000001aacad81da0


Dynamic libraries:
0x00007ff6f3140000 - 0x00007ff6f3150000 	C:\Program Files\Java\jdk-22\bin\javaw.exe
0x00007fffb8a90000 - 0x00007fffb8ca7000 	C:\WINDOWS\SYSTEM32\ntdll.dll
0x00007fffb7e40000 - 0x00007fffb7f04000 	C:\WINDOWS\System32\KERNEL32.DLL
0x00007fffb6420000 - 0x00007fffb67cd000 	C:\WINDOWS\System32\KERNELBASE.dll
0x00007fffb5ff0000 - 0x00007fffb6101000 	C:\WINDOWS\System32\ucrtbase.dll
0x00007fffabc80000 - 0x00007fffabc9b000 	C:\Program Files\Java\jdk-22\bin\VCRUNTIME140.dll
0x00007fff9e090000 - 0x00007fff9e0a7000 	C:\Program Files\Java\jdk-22\bin\jli.dll
0x00007fffb7bd0000 - 0x00007fffb7d7e000 	C:\WINDOWS\System32\USER32.dll
0x00007fffb6110000 - 0x00007fffb6136000 	C:\WINDOWS\System32\win32u.dll
0x00007fffb6ac0000 - 0x00007fffb6ae9000 	C:\WINDOWS\System32\GDI32.dll
0x00007fff951c0000 - 0x00007fff95453000 	C:\WINDOWS\WinSxS\amd64_microsoft.windows.common-controls_6595b64144ccf1df_6.0.22621.3672_none_2713b9d173822955\COMCTL32.dll
0x00007fffb7100000 - 0x00007fffb71a7000 	C:\WINDOWS\System32\msvcrt.dll
0x00007fffb61b0000 - 0x00007fffb62c9000 	C:\WINDOWS\System32\gdi32full.dll
0x00007fffb6350000 - 0x00007fffb63ea000 	C:\WINDOWS\System32\msvcp_win.dll
0x00007fffb7b90000 - 0x00007fffb7bc1000 	C:\WINDOWS\System32\IMM32.DLL
0x00007fffab200000 - 0x00007fffab20c000 	C:\Program Files\Java\jdk-22\bin\vcruntime140_1.dll
0x00007fff8b7d0000 - 0x00007fff8b85e000 	C:\Program Files\Java\jdk-22\bin\msvcp140.dll
0x00007ffece5b0000 - 0x00007ffecf2f9000 	C:\Program Files\Java\jdk-22\bin\server\jvm.dll
0x00007fffb7d80000 - 0x00007fffb7e32000 	C:\WINDOWS\System32\ADVAPI32.dll
0x00007fffb8150000 - 0x00007fffb81f9000 	C:\WINDOWS\System32\sechost.dll
0x00007fffb63f0000 - 0x00007fffb6418000 	C:\WINDOWS\System32\bcrypt.dll
0x00007fffb8260000 - 0x00007fffb8374000 	C:\WINDOWS\System32\RPCRT4.dll
0x00007fffb7070000 - 0x00007fffb70e1000 	C:\WINDOWS\System32\WS2_32.dll
0x00007fffaeba0000 - 0x00007fffaebd4000 	C:\WINDOWS\SYSTEM32\WINMM.dll
0x00007fffb4c20000 - 0x00007fffb4c6d000 	C:\WINDOWS\SYSTEM32\POWRPROF.dll
0x00007fffac290000 - 0x00007fffac29a000 	C:\WINDOWS\SYSTEM32\VERSION.dll
0x00007fffb4c00000 - 0x00007fffb4c13000 	C:\WINDOWS\SYSTEM32\UMPDC.dll
0x00007fffb4eb0000 - 0x00007fffb4ec8000 	C:\WINDOWS\SYSTEM32\kernel.appcore.dll
0x00007fffac030000 - 0x00007fffac03a000 	C:\Program Files\Java\jdk-22\bin\jimage.dll
0x00007fffb3630000 - 0x00007fffb3862000 	C:\WINDOWS\SYSTEM32\DBGHELP.DLL
0x00007fffb8550000 - 0x00007fffb88d8000 	C:\WINDOWS\System32\combase.dll
0x00007fffb6880000 - 0x00007fffb6957000 	C:\WINDOWS\System32\OLEAUT32.dll
0x00007fffab9b0000 - 0x00007fffab9e2000 	C:\WINDOWS\SYSTEM32\dbgcore.DLL
0x00007fffb62d0000 - 0x00007fffb634b000 	C:\WINDOWS\System32\bcryptPrimitives.dll
0x00007fff8f8a0000 - 0x00007fff8f8dc000 	C:\Program Files\Java\jdk-22\bin\jdwp.dll
0x00007fffaa720000 - 0x00007fffaa72f000 	C:\Program Files\Java\jdk-22\bin\instrument.dll
0x00007fff9a700000 - 0x00007fff9a71e000 	C:\Program Files\Java\jdk-22\bin\java.dll
0x00007fffb71b0000 - 0x00007fffb7a0f000 	C:\WINDOWS\System32\SHELL32.dll
0x00007fffb7f10000 - 0x00007fffb80b5000 	C:\WINDOWS\System32\ole32.dll
0x00007fffb3cd0000 - 0x00007fffb45cc000 	C:\WINDOWS\SYSTEM32\windows.storage.dll
0x00007fffb3b90000 - 0x00007fffb3ccf000 	C:\WINDOWS\SYSTEM32\wintypes.dll
0x00007fffb6960000 - 0x00007fffb6a54000 	C:\WINDOWS\System32\SHCORE.dll
0x00007fffb6a60000 - 0x00007fffb6abe000 	C:\WINDOWS\System32\shlwapi.dll
0x00007fffb5cf0000 - 0x00007fffb5d11000 	C:\WINDOWS\SYSTEM32\profapi.dll
0x00007fff697b0000 - 0x00007fff69887000 	C:\Program Files\Java\jdk-22\bin\jsvml.dll
0x00007fffaa5f0000 - 0x00007fffaa5fc000 	C:\Program Files\Java\jdk-22\bin\dt_socket.dll
0x00007fffb48a0000 - 0x00007fffb48cd000 	C:\WINDOWS\SYSTEM32\IPHLPAPI.DLL
0x00007fffb5330000 - 0x00007fffb5399000 	C:\WINDOWS\system32\mswsock.dll
0x00007fffb48d0000 - 0x00007fffb49c8000 	C:\WINDOWS\SYSTEM32\DNSAPI.dll
0x00007fffb8250000 - 0x00007fffb8259000 	C:\WINDOWS\System32\NSI.dll
0x00007fffaee40000 - 0x00007fffaee4a000 	C:\Windows\System32\rasadhlp.dll
0x00007fffaf0d0000 - 0x00007fffaf153000 	C:\WINDOWS\System32\fwpuclnt.dll
0x00007fff955d0000 - 0x00007fff955e7000 	C:\Program Files\Java\jdk-22\bin\zip.dll
0x00007fffaa310000 - 0x00007fffaa320000 	C:\Program Files\Java\jdk-22\bin\net.dll
0x00007fff91640000 - 0x00007fff91656000 	C:\Program Files\Java\jdk-22\bin\nio.dll
0x00007fff955c0000 - 0x00007fff955d0000 	C:\Program Files\Java\jdk-22\bin\verify.dll
0x00007fff916f0000 - 0x00007fff916fb000 	C:\Program Files\Java\jdk-22\bin\le.dll
0x00007fff91630000 - 0x00007fff9163e000 	C:\Program Files\Java\jdk-22\bin\sunmscapi.dll
0x00007fffb5dc0000 - 0x00007fffb5f27000 	C:\WINDOWS\System32\CRYPT32.dll
0x00007fffb5750000 - 0x00007fffb577e000 	C:\WINDOWS\SYSTEM32\ncrypt.dll
0x00007fffb5710000 - 0x00007fffb5747000 	C:\WINDOWS\SYSTEM32\NTASN1.dll
0x00007fffb55b0000 - 0x00007fffb55cb000 	C:\WINDOWS\SYSTEM32\CRYPTSP.dll
0x00007fffb4e10000 - 0x00007fffb4e45000 	C:\WINDOWS\system32\rsaenh.dll
0x00007fffb5450000 - 0x00007fffb5478000 	C:\WINDOWS\SYSTEM32\USERENV.dll
0x00007fffb55d0000 - 0x00007fffb55dc000 	C:\WINDOWS\SYSTEM32\CRYPTBASE.dll
0x00007fff8fbd0000 - 0x00007fff8fbda000 	C:\Program Files\Java\jdk-22\bin\management.dll
0x00007fff8f950000 - 0x00007fff8f95b000 	C:\Program Files\Java\jdk-22\bin\management_ext.dll
0x00007fffb8540000 - 0x00007fffb8548000 	C:\WINDOWS\System32\PSAPI.DLL
0x00007fff8f870000 - 0x00007fff8f879000 	C:\Program Files\Java\jdk-22\bin\extnet.dll
0x00007fffa8910000 - 0x00007fffa8918000 	C:\WINDOWS\system32\wshunix.dll

dbghelp: loaded successfully - version: 4.0.5 - missing functions: none
symbol engine: initialized successfully - sym options: 0x614 - pdb path: .;C:\Program Files\Java\jdk-22\bin;C:\WINDOWS\SYSTEM32;C:\WINDOWS\WinSxS\amd64_microsoft.windows.common-controls_6595b64144ccf1df_6.0.22621.3672_none_2713b9d173822955;C:\Program Files\Java\jdk-22\bin\server

VM Arguments:
jvm_args: -XX:+ShowCodeDetailsInExceptionMessages -agentlib:jdwp=transport=dt_socket,suspend=y,address=localhost:54478 -javaagent:C:\Users\sbnet\Downloads\Eclipse\eclipse-jee-2023-06-R-win32-x86_64\eclipse\configuration\org.eclipse.osgi\2045\0\.cp\lib\javaagent-shaded.jar -Dfile.encoding=UTF-8 -Dstdout.encoding=UTF-8 -Dstderr.encoding=UTF-8 
java_command: ru.terentyev.EffectiveMobileTestTask.EffectiveMobileTestTaskApplication
java_class_path (initial): C:\Users\sbnet\OneDrive\ \\EffectiveMobileTestTask\EffectiveMobileTestTask\EffectiveMobileTestTask\target\classes;C:\Users\sbnet\.m2\repository\org\springframework\boot\spring-boot-starter-data-jpa\3.3.2\spring-boot-starter-data-jpa-3.3.2.jar;C:\Users\sbnet\.m2\repository\org\springframework\boot\spring-boot-starter-aop\3.3.2\spring-boot-starter-aop-3.3.2.jar;C:\Users\sbnet\.m2\repository\org\aspectj\aspectjweaver\1.9.22.1\aspectjweaver-1.9.22.1.jar;C:\Users\sbnet\.m2\repository\org\springframework\boot\spring-boot-starter-jdbc\3.3.2\spring-boot-starter-jdbc-3.3.2.jar;C:\Users\sbnet\.m2\repository\com\zaxxer\HikariCP\5.1.0\HikariCP-5.1.0.jar;C:\Users\sbnet\.m2\repository\org\springframework\spring-jdbc\6.1.11\spring-jdbc-6.1.11.jar;C:\Users\sbnet\.m2\repository\org\hibernate\orm\hibernate-core\6.5.2.Final\hibernate-core-6.5.2.Final.jar;C:\Users\sbnet\.m2\repository\jakarta\persistence\jakarta.persistence-api\3.1.0\jakarta.persistence-api-3.1.0.jar;C:\Users\sbnet\.m2\repository\jakarta\transaction\jakarta.transaction-api\2.0.1\jakarta.transaction-api-2.0.1.jar;C:\Users\sbnet\.m2\repository\org\hibernate\common\hibernate-commons-annotations\6.0.6.Final\hibernate-commons-annotations-6.0.6.Final.jar;C:\Users\sbnet\.m2\repository\io\smallrye\jandex\3.1.2\jandex-3.1.2.jar;C:\Users\sbnet\.m2\repository\net\bytebuddy\byte-buddy\1.14.18\byte-buddy-1.14.18.jar;C:\Users\sbnet\.m2\repository\org\glassfish\jaxb\jaxb-runtime\4.0.5\jaxb-runtime-4.0.5.jar;C:\Users\sbnet\.m2\repository\org\glassfish\jaxb\jaxb-core\4.0.5\jaxb-core-4.0.5.jar;C:\Users\sbnet\.m2\repository\org\eclipse\angus\angus-activation\2.0.2\angus-activation-2.0.2.jar;C:\Users\sbnet\.m2\repository\org\glassfish\jaxb\txw2\4.0.5\txw2-4.0.5.jar;C:\Users\sbnet\.m2\repository\com\sun\istack\istack-commons-runtime\4.1.2\istack-commons-runtime-4.1.2.jar;C:\Users\sbnet\.m2\repository\jakarta\inject\jakarta.inject-api\2.0.1\jakarta.inject-api-2.0.1.jar;C:\Users\sbnet\.m2\repository\org\antlr\antlr4-runtime\4.13.0\antlr4-runtime-4.13.0.jar;C:\Users\sbnet\.m2\repository\org\springframework\data\spring-data-jpa\3.3.2\spring-data-jpa-3.3.2.jar;C:\Users\sbnet\.m2\repository\org\springframework\data\spring-data-commons\3.3.2\spring-data-commons-3.3.2.jar;C:\Users\sbnet\.m2\repository\org\springframework\spring-orm\6.1.11\spring-orm-6.1.11.jar;C:\Users\sbnet\.m2\repository\org\springframework\spring-context\6.1.11\spring-context-6.1.11.jar;C:\Users\sbnet\.m2\repository\org\springframework\spring-tx\6.1.11\spring-tx-6.1.11.jar;C:\Users\sbnet\.m2\repository\org\springframework\spring-beans\6.1.11\spring-beans-6.1.11.jar;C:\Users\sbnet\.m2\repository\org\slf4j\slf4j-api\2.0.13\slf4j-api-2.0.13.jar;C:\Users\sbnet\.m2\repository\org\springframework\spring-aspects\6.1.11\spring-aspects-6.1.11.jar;C:\Users\sbnet\.m2\repository\org\springframework\boot\spring-boot-starter-security\3.3.2\spring-boot-starter-security-3.3.2.jar;C:\Users\sbnet\.m2\repository\org\springframework\boot\spring-boot-starter\3.3.2\spring-boot-starter-3.3.2.jar;C:\Users\sbnet\.m2\repository\org\springframework\boot\spring-boot\3.3.2\spring-boot-3.3.2.jar;C:\Users\sbnet\.m2\repository\org\springframework\boot\spring-boot-autoconfigure\3.3.2\spring-boot-autoconfigure-3.3.2.jar;C:\Users\sbnet\.m2\repository\org\springframework\boot\spring-boot-starter-logging\3.3.2\spring-boot-starter-logging-3.3.2.jar;C:\Users\sbnet\.m2\repository\ch\qos\logback\logback-classic\1.5.6\logback-classic-1.5.6.jar;C:\Users\sbnet\.m2\repository\ch\qos\logback\logback-core\1.5.6\logback-core-1.5.6.jar;C:\Users\sbnet\.m2\repository\org\apache\logging\log4j\log4j-to-slf4j\2.23.1\log4j-to-slf4j-2.23.1.jar;C:\Users\sbnet\.m2\repository\org\apache\logging\log4j\log4j-api\2.23.1\log4j-api-2.23.1.jar;C:\Users\sbnet\.m2\repository\org\slf4j\jul-to-slf4j\2.0.13\jul-to-slf4j-2.0.13.jar;C:\Users\sbnet\.m2\repository\org\yaml\snakeyaml\2.2\snakeyaml-2.2.jar;C:\Users\sbnet\.m2\repository\org\springframework\spring-aop\6.1.11\spring-aop-6.1.11.jar;C:\Users\sbnet\.m2\repository\org\springframework\security\spring-security-config\6.3.1\spring-security-config-6.3.1.jar;C:\Users\sbnet\.m2\repository\org\springframework\security\spring-security-web\6.3.1\spring-security-web-6.3.1.jar;C:\Users\sbnet\.m2\repository\org\springframework\spring-expression\6.1.11\spring-expression-6.1.11.jar;C:\Users\sbnet\.m2\repository\org\springframework\boot\spring-boot-starter-validation\3.3.2\spring-boot-starter-validation-3.3.2.jar;C:\Users\sbnet\.m2\repository\org\apache\tomcat\embed\tomcat-embed-el\10.1.26\tomcat-embed-el-10.1.26.jar;C:\Users\sbnet\.m2\repository\org\springframework\boot\spring-boot-starter-web\3.3.2\spring-boot-starter-web-3.3.2.jar;C:\Users\sbnet\.m2\repository\org\springframework\boot\spring-boot-starter-json\3.3.2\spring-boot-starter-json-3.3.2.jar;C:\Users\sbnet\.m2\repository\com\fasterxml\jackson\datatype\jackson-datatype-jdk8\2.17.2\jackson-datatype-jdk8-2.17.2.jar;C:\Users\sbnet\.m2\repository\com\fasterxml\jackson\datatype\jackson-datatype-jsr310\2.17.2\jackson-datatype-jsr310-2.17.2.jar;C:\Users\sbnet\.m2\repository\com\fasterxml\jackson\module\jackson-module-parameter-names\2.17.2\jackson-module-parameter-names-2.17.2.jar;C:\Users\sbnet\.m2\repository\org\springframework\spring-web\6.1.11\spring-web-6.1.11.jar;C:\Users\sbnet\.m2\repository\io\micrometer\micrometer-observation\1.13.2\micrometer-observation-1.13.2.jar;C:\Users\sbnet\.m2\repository\io\micrometer\micrometer-commons\1.13.2\micrometer-commons-1.13.2.jar;C:\Users\sbnet\.m2\repository\org\springframework\spring-webmvc\6.1.11\spring-webmvc-6.1.11.jar;C:\Users\sbnet\.m2\repository\org\postgresql\postgresql\42.7.3\postgresql-42.7.3.jar;C:\Users\sbnet\.m2\repository\org\checkerframework\checker-qual\3.42.0\checker-qual-3.42.0.jar;C:\Users\sbnet\.m2\repository\org\projectlombok\lombok\1.18.34\lombok-1.18.34.jar;C:\Users\sbnet\.m2\repository\org\springframework\boot\spring-boot-starter-tomcat\3.3.2\spring-boot-starter-tomcat-3.3.2.jar;C:\Users\sbnet\.m2\repository\jakarta\annotation\jakarta.annotation-api\2.1.1\jakarta.annotation-api-2.1.1.jar;C:\Users\sbnet\.m2\repository\org\apache\tomcat\embed\tomcat-embed-core\10.1.26\tomcat-embed-core-10.1.26.jar;C:\Users\sbnet\.m2\repository\org\apache\tomcat\embed\tomcat-embed-websocket\10.1.26\tomcat-embed-websocket-10.1.26.jar;C:\Users\sbnet\.m2\repository\jakarta\xml\bind\jakarta.xml.bind-api\4.0.2\jakarta.xml.bind-api-4.0.2.jar;C:\Users\sbnet\.m2\repository\jakarta\activation\jakarta.activation-api\2.1.3\jakarta.activation-api-2.1.3.jar;C:\Users\sbnet\.m2\repository\org\springframework\spring-core\6.1.11\spring-core-6.1.11.jar;C:\Users\sbnet\.m2\repository\org\springframework\spring-jcl\6.1.11\spring-jcl-6.1.11.jar;C:\Users\sbnet\.m2\repository\org\springframework\security\spring-security-core\6.3.1\spring-security-core-6.3.1.jar;C:\Users\sbnet\.m2\repository\org\springframework\security\spring-security-crypto\6.3.1\spring-security-crypto-6.3.1.jar;C:\Users\sbnet\.m2\repository\org\hibernate\validator\hibernate-validator\8.0.1.Final\hibernate-validator-8.0.1.Final.jar;C:\Users\sbnet\.m2\repository\jakarta\validation\jakarta.validation-api\3.0.2\jakarta.validation-api-3.0.2.jar;C:\Users\sbnet\.m2\repository\org\jboss\logging\jboss-logging\3.5.3.Final\jboss-logging-3.5.3.Final.jar;C:\Users\sbnet\.m2\repository\com\fasterxml\classmate\1.7.0\classmate-1.7.0.jar;C:\Users\sbnet\.m2\repository\org\springdoc\springdoc-openapi-starter-webmvc-ui\2.6.0\springdoc-openapi-starter-webmvc-ui-2.6.0.jar;C:\Users\sbnet\.m2\repository\org\springdoc\springdoc-openapi-starter-webmvc-api\2.6.0\springdoc-openapi-starter-webmvc-api-2.6.0.jar;C:\Users\sbnet\.m2\repository\org\springdoc\springdoc-openapi-starter-common\2.6.0\springdoc-openapi-starter-common-2.6.0.jar;C:\Users\sbnet\.m2\repository\io\swagger\core\v3\swagger-core-jakarta\2.2.22\swagger-core-jakarta-2.2.22.jar;C:\Users\sbnet\.m2\repository\org\apache\commons\commons-lang3\3.14.0\commons-lang3-3.14.0.jar;C:\Users\sbnet\.m2\repository\io\swagger\core\v3\swagger-annotations-jakarta\2.2.22\swagger-annotations-jakarta-2.2.22.jar;C:\Users\sbnet\.m2\repository\io\swagger\core\v3\swagger-models-jakarta\2.2.22\swagger-models-jakarta-2.2.22.jar;C:\Users\sbnet\.m2\repository\com\fasterxml\jackson\dataformat\jackson-dataformat-yaml\2.17.2\jackson-dataformat-yaml-2.17.2.jar;C:\Users\sbnet\.m2\repository\org\webjars\swagger-ui\5.17.14\swagger-ui-5.17.14.jar;C:\Users\sbnet\.m2\repository\io\jsonwebtoken\jjwt\0.12.6\jjwt-0.12.6.jar;C:\Users\sbnet\.m2\repository\io\jsonwebtoken\jjwt-api\0.12.6\jjwt-api-0.12.6.jar;C:\Users\sbnet\.m2\repository\io\jsonwebtoken\jjwt-impl\0.12.6\jjwt-impl-0.12.6.jar;C:\Users\sbnet\.m2\repository\io\jsonwebtoken\jjwt-jackson\0.12.6\jjwt-jackson-0.12.6.jar;C:\Users\sbnet\.m2\repository\com\fasterxml\jackson\core\jackson-databind\2.17.2\jackson-databind-2.17.2.jar;C:\Users\sbnet\.m2\repository\com\fasterxml\jackson\core\jackson-annotations\2.17.2\jackson-annotations-2.17.2.jar;C:\Users\sbnet\.m2\repository\com\fasterxml\jackson\core\jackson-core\2.17.2\jackson-core-2.17.2.jar
Launcher Type: SUN_STANDARD

[Global flags]
     intx CICompilerCount                          = 12                                        {product} {ergonomic}
     uint ConcGCThreads                            = 4                                         {product} {ergonomic}
     uint G1ConcRefinementThreads                  = 15                                        {product} {ergonomic}
   size_t G1HeapRegionSize                         = 1048576                                   {product} {ergonomic}
   size_t InitialHeapSize                          = 130023424                                 {product} {ergonomic}
   size_t MarkStackSize                            = 4194304                                   {product} {ergonomic}
   size_t MaxHeapSize                              = 2069889024                                {product} {ergonomic}
   size_t MaxNewSize                               = 1241513984                                {product} {ergonomic}
   size_t MinHeapDeltaBytes                        = 1048576                                   {product} {ergonomic}
   size_t MinHeapSize                              = 8388608                                   {product} {ergonomic}
    uintx NonNMethodCodeHeapSize                   = 7602480                                {pd product} {ergonomic}
    uintx NonProfiledCodeHeapSize                  = 122027880                              {pd product} {ergonomic}
    uintx ProfiledCodeHeapSize                     = 122027880                              {pd product} {ergonomic}
    uintx ReservedCodeCacheSize                    = 251658240                              {pd product} {ergonomic}
     bool SegmentedCodeCache                       = true                                      {product} {ergonomic}
     bool ShowCodeDetailsInExceptionMessages       = true                                   {manageable} {command line}
   size_t SoftMaxHeapSize                          = 2069889024                             {manageable} {ergonomic}
     bool UseCompressedOops                        = true                           {product lp64_product} {ergonomic}
     bool UseG1GC                                  = true                                      {product} {ergonomic}
     bool UseLargePagesIndividualAllocation        = false                                  {pd product} {ergonomic}

Logging:
Log output configuration:
 #0: stdout all=warning uptime,level,tags foldmultilines=false
 #1: stderr all=off uptime,level,tags foldmultilines=false

Environment Variables:
JAVA_HOME=C:\Program Files\Java\jdk-22\
PATH=C:/Users/sbnet/Downloads/Eclipse/eclipse-jee-2023-06-R-win32-x86_64/eclipse//plugins/org.eclipse.justj.openjdk.hotspot.jre.full.win32.x86_64_21.0.3.v20240426-1530/jre/bin/server;C:/Users/sbnet/Downloads/Eclipse/eclipse-jee-2023-06-R-win32-x86_64/eclipse//plugins/org.eclipse.justj.openjdk.hotspot.jre.full.win32.x86_64_21.0.3.v20240426-1530/jre/bin;C:\Program Files\Java\jdk-22\bin;C:\Program Files (x86)\Common Files\Oracle\Java\javapath;C:\Program Files\Common Files\Oracle\Java\javapath;C:\Windows\system32;C:\Windows;C:\Windows\System32\Wbem;C:\Windows\System32\WindowsPowerShell\v1.0\;C:\Windows\System32\OpenSSH\;C:\Program Files (x86)\NVIDIA Corporation\PhysX\Common;C:\Users\sbnet\OneDrive\ \\apache-maven-3.9.3-bin\apache-maven-3.9.3\bin;C:\WINDOWS\system32;C:\WINDOWS;C:\WINDOWS\System32\Wbem;C:\WINDOWS\System32\WindowsPowerShell\v1.0\;C:\WINDOWS\System32\OpenSSH\;C:\Program Files\NVIDIA Corporation\NVIDIA NvDLISR;C:\Program Files\Docker\Docker\resources\bin;C:\Program Files\Git\cmd;C:\Program Files\MongoDB\Server\7.0\bin;C:\Users\sbnet\AppData\Local\Microsoft\WindowsApps;C:\Program Files\JetBrains\IntelliJ IDEA 2022.2\bin;;C:\Users\sbnet\OneDrive\ \\apache-maven-3.9.3-bin\apache-maven-3.9.3\bin;;C:\Users\sbnet\AppData\Local\Programs\Microsoft VS Code\bin;C:\Program Files\liquibase;C:\Users\sbnet\AppData\Local\Programs\mongosh\;C:\Users\sbnet\Downloads\Eclipse\eclipse-jee-2023-06-R-win32-x86_64\eclipse;
USERNAME=sbnet
OS=Windows_NT
PROCESSOR_IDENTIFIER=Intel64 Family 6 Model 154 Stepping 3, GenuineIntel
TMP=C:\Users\sbnet\AppData\Local\Temp
TEMP=C:\Users\sbnet\AppData\Local\Temp




Periodic native trim disabled

---------------  S Y S T E M  ---------------

OS:
 Windows 11 , 64 bit Build 22621 (10.0.22621.3672)
OS uptime: 26 days 6:04 hours
Hyper-V role detected

CPU: total 20 (initial active 20) (10 cores per cpu, 2 threads per core) family 6 model 154 stepping 3 microcode 0x416, cx8, cmov, fxsr, ht, mmx, 3dnowpref, sse, sse2, sse3, ssse3, sse4.1, sse4.2, popcnt, lzcnt, tsc, tscinvbit, avx, avx2, aes, erms, clmul, bmi1, bmi2, adx, sha, fma, vzeroupper, clflush, clflushopt, clwb, hv, serialize, rdtscp, rdpid, fsrm, f16c, cet_ibt, cet_ss
Processor Information for processor 0
  Max Mhz: 2700, Current Mhz: 2700, Mhz Limit: 2700
Processor Information for processor 1
  Max Mhz: 2700, Current Mhz: 2700, Mhz Limit: 2700
Processor Information for processor 2
  Max Mhz: 2700, Current Mhz: 2700, Mhz Limit: 2700
Processor Information for processor 3
  Max Mhz: 2700, Current Mhz: 2700, Mhz Limit: 2700
Processor Information for processor 4
  Max Mhz: 2700, Current Mhz: 2700, Mhz Limit: 2700
Processor Information for processor 5
  Max Mhz: 2700, Current Mhz: 2700, Mhz Limit: 2700
Processor Information for processor 6
  Max Mhz: 2700, Current Mhz: 2700, Mhz Limit: 2700
Processor Information for processor 7
  Max Mhz: 2700, Current Mhz: 2700, Mhz Limit: 2700
Processor Information for processor 8
  Max Mhz: 2700, Current Mhz: 2700, Mhz Limit: 2700
Processor Information for processor 9
  Max Mhz: 2700, Current Mhz: 2700, Mhz Limit: 2700
Processor Information for processor 10
  Max Mhz: 2700, Current Mhz: 2700, Mhz Limit: 2700
Processor Information for processor 11
  Max Mhz: 2700, Current Mhz: 2700, Mhz Limit: 2700
Processor Information for processor 12
  Max Mhz: 2700, Current Mhz: 1995, Mhz Limit: 1971
Processor Information for processor 13
  Max Mhz: 2700, Current Mhz: 1995, Mhz Limit: 1971
Processor Information for processor 14
  Max Mhz: 2700, Current Mhz: 1995, Mhz Limit: 1971
Processor Information for processor 15
  Max Mhz: 2700, Current Mhz: 1995, Mhz Limit: 1971
Processor Information for processor 16
  Max Mhz: 2700, Current Mhz: 1995, Mhz Limit: 1971
Processor Information for processor 17
  Max Mhz: 2700, Current Mhz: 1995, Mhz Limit: 1971
Processor Information for processor 18
  Max Mhz: 2700, Current Mhz: 1995, Mhz Limit: 1971
Processor Information for processor 19
  Max Mhz: 2700, Current Mhz: 1995, Mhz Limit: 1971

Memory: 4k page, system-wide physical 7893M (485M free)
TotalPageFile size 25404M (AvailPageFile size 3995M)
current process WorkingSet (physical memory assigned to process): 120M, peak: 387M
current process commit charge ("private bytes"): 366M, peak: 456M

vm_info: Java HotSpot(TM) 64-Bit Server VM (22.0.2+9-70) for windows-amd64 JRE (22.0.2+9-70), built on 2024-06-04T16:52:23Z by "mach5one" with MS VC++ 17.6 (VS2022)

END.
